{"/Users/tranhoangtu/Desktop/WORK/openS-Plan-R/src/adapters/agent-format-registry.ts": {"path":"/Users/tranhoangtu/Desktop/WORK/openS-Plan-R/src/adapters/agent-format-registry.ts","statementMap":{"0":{"start":{"line":21,"column":32},"end":{"line":25,"column":null}},"1":{"start":{"line":29,"column":2},"end":{"line":29,"column":null}},"2":{"start":{"line":37,"column":2},"end":{"line":56,"column":null}},"3":{"start":{"line":39,"column":6},"end":{"line":39,"column":null}},"4":{"start":{"line":42,"column":6},"end":{"line":42,"column":null}},"5":{"start":{"line":45,"column":6},"end":{"line":45,"column":null}},"6":{"start":{"line":55,"column":6},"end":{"line":55,"column":null}}},"fnMap":{"0":{"name":"clientSupportsAgents","decl":{"start":{"line":28,"column":16},"end":{"line":28,"column":37}},"loc":{"start":{"line":28,"column":70},"end":{"line":30,"column":null}},"line":28},"1":{"name":"getAgentFormatAdapter","decl":{"start":{"line":36,"column":16},"end":{"line":36,"column":38}},"loc":{"start":{"line":36,"column":89},"end":{"line":57,"column":null}},"line":36}},"branchMap":{"0":{"loc":{"start":{"line":37,"column":2},"end":{"line":56,"column":null}},"type":"switch","locations":[{"start":{"line":38,"column":4},"end":{"line":39,"column":null}},{"start":{"line":41,"column":4},"end":{"line":42,"column":null}},{"start":{"line":44,"column":4},"end":{"line":45,"column":null}},{"start":{"line":48,"column":4},"end":{"line":48,"column":null}},{"start":{"line":49,"column":4},"end":{"line":49,"column":null}},{"start":{"line":50,"column":4},"end":{"line":50,"column":null}},{"start":{"line":51,"column":4},"end":{"line":51,"column":null}},{"start":{"line":52,"column":4},"end":{"line":52,"column":null}},{"start":{"line":53,"column":4},"end":{"line":53,"column":null}},{"start":{"line":54,"column":4},"end":{"line":55,"column":null}}],"line":37}},"s":{"0":1,"1":0,"2":18,"3":8,"4":4,"5":4,"6":2},"f":{"0":0,"1":18},"b":{"0":[8,4,4,1,2,2,2,2,2,2]},"meta":{"lastBranch":1,"lastFunction":2,"lastStatement":7,"seen":{"s:21:32:25:Infinity":0,"f:28:16:28:37":0,"s:29:2:29:Infinity":1,"f:36:16:36:38":1,"b:38:4:39:Infinity:41:4:42:Infinity:44:4:45:Infinity:48:4:48:Infinity:49:4:49:Infinity:50:4:50:Infinity:51:4:51:Infinity:52:4:52:Infinity:53:4:53:Infinity:54:4:55:Infinity":0,"s:37:2:56:Infinity":2,"s:39:6:39:Infinity":3,"s:42:6:42:Infinity":4,"s:45:6:45:Infinity":5,"s:55:6:55:Infinity":6}}}
,"/Users/tranhoangtu/Desktop/WORK/openS-Plan-R/src/adapters/format-registry.ts": {"path":"/Users/tranhoangtu/Desktop/WORK/openS-Plan-R/src/adapters/format-registry.ts","statementMap":{"0":{"start":{"line":24,"column":26},"end":{"line":30,"column":null}},"1":{"start":{"line":34,"column":2},"end":{"line":34,"column":null}},"2":{"start":{"line":42,"column":2},"end":{"line":65,"column":null}},"3":{"start":{"line":44,"column":6},"end":{"line":44,"column":null}},"4":{"start":{"line":47,"column":6},"end":{"line":47,"column":null}},"5":{"start":{"line":50,"column":6},"end":{"line":50,"column":null}},"6":{"start":{"line":53,"column":6},"end":{"line":53,"column":null}},"7":{"start":{"line":56,"column":6},"end":{"line":56,"column":null}},"8":{"start":{"line":64,"column":6},"end":{"line":64,"column":null}}},"fnMap":{"0":{"name":"clientSupportsRules","decl":{"start":{"line":33,"column":16},"end":{"line":33,"column":36}},"loc":{"start":{"line":33,"column":69},"end":{"line":35,"column":null}},"line":33},"1":{"name":"getFormatAdapter","decl":{"start":{"line":41,"column":16},"end":{"line":41,"column":33}},"loc":{"start":{"line":41,"column":79},"end":{"line":66,"column":null}},"line":41}},"branchMap":{"0":{"loc":{"start":{"line":42,"column":2},"end":{"line":65,"column":null}},"type":"switch","locations":[{"start":{"line":43,"column":4},"end":{"line":44,"column":null}},{"start":{"line":46,"column":4},"end":{"line":47,"column":null}},{"start":{"line":49,"column":4},"end":{"line":50,"column":null}},{"start":{"line":52,"column":4},"end":{"line":53,"column":null}},{"start":{"line":55,"column":4},"end":{"line":56,"column":null}},{"start":{"line":59,"column":4},"end":{"line":59,"column":null}},{"start":{"line":60,"column":4},"end":{"line":60,"column":null}},{"start":{"line":61,"column":4},"end":{"line":61,"column":null}},{"start":{"line":62,"column":4},"end":{"line":62,"column":null}},{"start":{"line":63,"column":4},"end":{"line":64,"column":null}}],"line":42}},"s":{"0":2,"1":0,"2":8,"3":5,"4":1,"5":0,"6":1,"7":0,"8":1},"f":{"0":0,"1":8},"b":{"0":[5,1,0,1,0,1,1,1,1,1]},"meta":{"lastBranch":1,"lastFunction":2,"lastStatement":9,"seen":{"s:24:26:30:Infinity":0,"f:33:16:33:36":0,"s:34:2:34:Infinity":1,"f:41:16:41:33":1,"b:43:4:44:Infinity:46:4:47:Infinity:49:4:50:Infinity:52:4:53:Infinity:55:4:56:Infinity:59:4:59:Infinity:60:4:60:Infinity:61:4:61:Infinity:62:4:62:Infinity:63:4:64:Infinity":0,"s:42:2:65:Infinity":2,"s:44:6:44:Infinity":3,"s:47:6:47:Infinity":4,"s:50:6:50:Infinity":5,"s:53:6:53:Infinity":6,"s:56:6:56:Infinity":7,"s:64:6:64:Infinity":8}}}
,"/Users/tranhoangtu/Desktop/WORK/openS-Plan-R/src/adapters/skill-adapter.ts": {"path":"/Users/tranhoangtu/Desktop/WORK/openS-Plan-R/src/adapters/skill-adapter.ts","statementMap":{"0":{"start":{"line":16,"column":2},"end":{"line":18,"column":null}},"1":{"start":{"line":17,"column":4},"end":{"line":17,"column":null}},"2":{"start":{"line":19,"column":2},"end":{"line":21,"column":null}},"3":{"start":{"line":20,"column":4},"end":{"line":20,"column":null}},"4":{"start":{"line":22,"column":2},"end":{"line":24,"column":null}},"5":{"start":{"line":23,"column":4},"end":{"line":23,"column":null}},"6":{"start":{"line":25,"column":2},"end":{"line":27,"column":null}},"7":{"start":{"line":25,"column":15},"end":{"line":25,"column":18}},"8":{"start":{"line":26,"column":4},"end":{"line":26,"column":null}},"9":{"start":{"line":31,"column":2},"end":{"line":33,"column":null}},"10":{"start":{"line":32,"column":4},"end":{"line":32,"column":null}},"11":{"start":{"line":34,"column":2},"end":{"line":36,"column":null}},"12":{"start":{"line":35,"column":4},"end":{"line":35,"column":null}},"13":{"start":{"line":46,"column":2},"end":{"line":48,"column":null}},"14":{"start":{"line":47,"column":4},"end":{"line":47,"column":null}},"15":{"start":{"line":50,"column":14},"end":{"line":50,"column":null}},"16":{"start":{"line":51,"column":26},"end":{"line":56,"column":null}},"17":{"start":{"line":58,"column":2},"end":{"line":60,"column":null}},"18":{"start":{"line":59,"column":4},"end":{"line":59,"column":null}},"19":{"start":{"line":62,"column":2},"end":{"line":62,"column":null}},"20":{"start":{"line":63,"column":2},"end":{"line":63,"column":null}},"21":{"start":{"line":72,"column":2},"end":{"line":76,"column":null}},"22":{"start":{"line":73,"column":4},"end":{"line":73,"column":null}},"23":{"start":{"line":75,"column":4},"end":{"line":75,"column":null}},"24":{"start":{"line":79,"column":2},"end":{"line":83,"column":null}},"25":{"start":{"line":80,"column":4},"end":{"line":80,"column":null}},"26":{"start":{"line":82,"column":4},"end":{"line":82,"column":null}},"27":{"start":{"line":86,"column":2},"end":{"line":88,"column":null}},"28":{"start":{"line":87,"column":4},"end":{"line":87,"column":null}},"29":{"start":{"line":90,"column":2},"end":{"line":90,"column":null}}},"fnMap":{"0":{"name":"validateSkillSpec","decl":{"start":{"line":15,"column":16},"end":{"line":15,"column":34}},"loc":{"start":{"line":15,"column":57},"end":{"line":28,"column":null}},"line":15},"1":{"name":"validateSkillRule","decl":{"start":{"line":30,"column":9},"end":{"line":30,"column":27}},"loc":{"start":{"line":30,"column":65},"end":{"line":37,"column":null}},"line":30},"2":{"name":"parseSkillSpec","decl":{"start":{"line":45,"column":16},"end":{"line":45,"column":31}},"loc":{"start":{"line":45,"column":56},"end":{"line":64,"column":null}},"line":45},"3":{"name":"loadSkillFromFile","decl":{"start":{"line":70,"column":16},"end":{"line":70,"column":34}},"loc":{"start":{"line":70,"column":63},"end":{"line":91,"column":null}},"line":70}},"branchMap":{"0":{"loc":{"start":{"line":16,"column":2},"end":{"line":18,"column":null}},"type":"if","locations":[{"start":{"line":16,"column":2},"end":{"line":18,"column":null}},{"start":{},"end":{}}],"line":16},"1":{"loc":{"start":{"line":16,"column":6},"end":{"line":16,"column":51}},"type":"binary-expr","locations":[{"start":{"line":16,"column":6},"end":{"line":16,"column":20}},{"start":{"line":16,"column":20},"end":{"line":16,"column":51}}],"line":16},"2":{"loc":{"start":{"line":19,"column":2},"end":{"line":21,"column":null}},"type":"if","locations":[{"start":{"line":19,"column":2},"end":{"line":21,"column":null}},{"start":{},"end":{}}],"line":19},"3":{"loc":{"start":{"line":19,"column":6},"end":{"line":19,"column":57}},"type":"binary-expr","locations":[{"start":{"line":19,"column":6},"end":{"line":19,"column":23}},{"start":{"line":19,"column":23},"end":{"line":19,"column":57}}],"line":19},"4":{"loc":{"start":{"line":22,"column":2},"end":{"line":24,"column":null}},"type":"if","locations":[{"start":{"line":22,"column":2},"end":{"line":24,"column":null}},{"start":{},"end":{}}],"line":22},"5":{"loc":{"start":{"line":31,"column":2},"end":{"line":33,"column":null}},"type":"if","locations":[{"start":{"line":31,"column":2},"end":{"line":33,"column":null}},{"start":{},"end":{}}],"line":31},"6":{"loc":{"start":{"line":31,"column":6},"end":{"line":31,"column":51}},"type":"binary-expr","locations":[{"start":{"line":31,"column":6},"end":{"line":31,"column":20}},{"start":{"line":31,"column":20},"end":{"line":31,"column":51}}],"line":31},"7":{"loc":{"start":{"line":34,"column":2},"end":{"line":36,"column":null}},"type":"if","locations":[{"start":{"line":34,"column":2},"end":{"line":36,"column":null}},{"start":{},"end":{}}],"line":34},"8":{"loc":{"start":{"line":46,"column":2},"end":{"line":48,"column":null}},"type":"if","locations":[{"start":{"line":46,"column":2},"end":{"line":48,"column":null}},{"start":{},"end":{}}],"line":46},"9":{"loc":{"start":{"line":46,"column":6},"end":{"line":46,"column":69}},"type":"binary-expr","locations":[{"start":{"line":46,"column":6},"end":{"line":46,"column":33}},{"start":{"line":46,"column":33},"end":{"line":46,"column":49}},{"start":{"line":46,"column":49},"end":{"line":46,"column":69}}],"line":46},"10":{"loc":{"start":{"line":54,"column":17},"end":{"line":54,"column":null}},"type":"cond-expr","locations":[{"start":{"line":54,"column":55},"end":{"line":54,"column":73}},{"start":{"line":54,"column":73},"end":{"line":54,"column":null}}],"line":54},"11":{"loc":{"start":{"line":55,"column":12},"end":{"line":55,"column":null}},"type":"cond-expr","locations":[{"start":{"line":55,"column":39},"end":{"line":55,"column":51}},{"start":{"line":55,"column":51},"end":{"line":55,"column":null}}],"line":55},"12":{"loc":{"start":{"line":58,"column":2},"end":{"line":60,"column":null}},"type":"if","locations":[{"start":{"line":58,"column":2},"end":{"line":60,"column":null}},{"start":{},"end":{}}],"line":58},"13":{"loc":{"start":{"line":86,"column":2},"end":{"line":88,"column":null}},"type":"if","locations":[{"start":{"line":86,"column":2},"end":{"line":88,"column":null}},{"start":{},"end":{}}],"line":86},"14":{"loc":{"start":{"line":86,"column":6},"end":{"line":86,"column":102}},"type":"binary-expr","locations":[{"start":{"line":86,"column":6},"end":{"line":86,"column":36}},{"start":{"line":86,"column":36},"end":{"line":86,"column":55}},{"start":{"line":86,"column":55},"end":{"line":86,"column":102}}],"line":86}},"s":{"0":22,"1":3,"2":19,"3":2,"4":17,"5":1,"6":16,"7":16,"8":14,"9":14,"10":2,"11":12,"12":2,"13":17,"14":5,"15":12,"16":12,"17":17,"18":1,"19":12,"20":12,"21":7,"22":7,"23":1,"24":6,"25":6,"26":1,"27":5,"28":2,"29":5},"f":{"0":22,"1":14,"2":17,"3":7},"b":{"0":[3,19],"1":[22,19],"2":[2,17],"3":[19,17],"4":[1,16],"5":[2,12],"6":[14,12],"7":[2,10],"8":[5,12],"9":[17,15,14],"10":[1,11],"11":[11,1],"12":[1,16],"13":[2,3],"14":[5,5,5]},"meta":{"lastBranch":15,"lastFunction":4,"lastStatement":30,"seen":{"f:15:16:15:34":0,"b:16:2:18:Infinity:undefined:undefined:undefined:undefined":0,"s:16:2:18:Infinity":0,"b:16:6:16:20:16:20:16:51":1,"s:17:4:17:Infinity":1,"b:19:2:21:Infinity:undefined:undefined:undefined:undefined":2,"s:19:2:21:Infinity":2,"b:19:6:19:23:19:23:19:57":3,"s:20:4:20:Infinity":3,"b:22:2:24:Infinity:undefined:undefined:undefined:undefined":4,"s:22:2:24:Infinity":4,"s:23:4:23:Infinity":5,"s:25:2:27:Infinity":6,"s:25:15:25:18":7,"s:26:4:26:Infinity":8,"f:30:9:30:27":1,"b:31:2:33:Infinity:undefined:undefined:undefined:undefined":5,"s:31:2:33:Infinity":9,"b:31:6:31:20:31:20:31:51":6,"s:32:4:32:Infinity":10,"b:34:2:36:Infinity:undefined:undefined:undefined:undefined":7,"s:34:2:36:Infinity":11,"s:35:4:35:Infinity":12,"f:45:16:45:31":2,"b:46:2:48:Infinity:undefined:undefined:undefined:undefined":8,"s:46:2:48:Infinity":13,"b:46:6:46:33:46:33:46:49:46:49:46:69":9,"s:47:4:47:Infinity":14,"s:50:14:50:Infinity":15,"s:51:26:56:Infinity":16,"b:54:55:54:73:54:73:54:Infinity":10,"b:55:39:55:51:55:51:55:Infinity":11,"b:58:2:60:Infinity:undefined:undefined:undefined:undefined":12,"s:58:2:60:Infinity":17,"s:59:4:59:Infinity":18,"s:62:2:62:Infinity":19,"s:63:2:63:Infinity":20,"f:70:16:70:34":3,"s:72:2:76:Infinity":21,"s:73:4:73:Infinity":22,"s:75:4:75:Infinity":23,"s:79:2:83:Infinity":24,"s:80:4:80:Infinity":25,"s:82:4:82:Infinity":26,"b:86:2:88:Infinity:undefined:undefined:undefined:undefined":13,"s:86:2:88:Infinity":27,"b:86:6:86:36:86:36:86:55:86:55:86:102":14,"s:87:4:87:Infinity":28,"s:90:2:90:Infinity":29}}}
,"/Users/tranhoangtu/Desktop/WORK/openS-Plan-R/src/adapters/formats/claude-code-agent-format.ts": {"path":"/Users/tranhoangtu/Desktop/WORK/openS-Plan-R/src/adapters/formats/claude-code-agent-format.ts","statementMap":{"0":{"start":{"line":17,"column":67},"end":{"line":21,"column":null}},"1":{"start":{"line":28,"column":2},"end":{"line":61,"column":null}},"2":{"start":{"line":29,"column":39},"end":{"line":29,"column":null}},"3":{"start":{"line":31,"column":4},"end":{"line":33,"column":null}},"4":{"start":{"line":32,"column":6},"end":{"line":32,"column":null}},"5":{"start":{"line":35,"column":4},"end":{"line":37,"column":null}},"6":{"start":{"line":36,"column":6},"end":{"line":36,"column":null}},"7":{"start":{"line":39,"column":4},"end":{"line":41,"column":null}},"8":{"start":{"line":40,"column":6},"end":{"line":40,"column":null}},"9":{"start":{"line":43,"column":4},"end":{"line":45,"column":null}},"10":{"start":{"line":44,"column":6},"end":{"line":44,"column":null}},"11":{"start":{"line":47,"column":4},"end":{"line":47,"column":null}},"12":{"start":{"line":49,"column":32},"end":{"line":49,"column":null}},"13":{"start":{"line":51,"column":4},"end":{"line":53,"column":null}},"14":{"start":{"line":52,"column":6},"end":{"line":52,"column":null}},"15":{"start":{"line":55,"column":20},"end":{"line":55,"column":null}},"16":{"start":{"line":57,"column":4},"end":{"line":60,"column":null}}},"fnMap":{"0":{"name":"formatAgents","decl":{"start":{"line":27,"column":16},"end":{"line":27,"column":29}},"loc":{"start":{"line":27,"column":66},"end":{"line":62,"column":null}},"line":27},"1":{"name":"(anonymous_1)","decl":{"start":{"line":28,"column":20},"end":{"line":28,"column":21}},"loc":{"start":{"line":28,"column":31},"end":{"line":61,"column":3}},"line":28}},"branchMap":{"0":{"loc":{"start":{"line":31,"column":4},"end":{"line":33,"column":null}},"type":"if","locations":[{"start":{"line":31,"column":4},"end":{"line":33,"column":null}},{"start":{},"end":{}}],"line":31},"1":{"loc":{"start":{"line":35,"column":4},"end":{"line":37,"column":null}},"type":"if","locations":[{"start":{"line":35,"column":4},"end":{"line":37,"column":null}},{"start":{},"end":{}}],"line":35},"2":{"loc":{"start":{"line":39,"column":4},"end":{"line":41,"column":null}},"type":"if","locations":[{"start":{"line":39,"column":4},"end":{"line":41,"column":null}},{"start":{},"end":{}}],"line":39},"3":{"loc":{"start":{"line":39,"column":8},"end":{"line":39,"column":47}},"type":"binary-expr","locations":[{"start":{"line":39,"column":8},"end":{"line":39,"column":23}},{"start":{"line":39,"column":23},"end":{"line":39,"column":47}}],"line":39},"4":{"loc":{"start":{"line":43,"column":4},"end":{"line":45,"column":null}},"type":"if","locations":[{"start":{"line":43,"column":4},"end":{"line":45,"column":null}},{"start":{},"end":{}}],"line":43},"5":{"loc":{"start":{"line":43,"column":8},"end":{"line":43,"column":59}},"type":"binary-expr","locations":[{"start":{"line":43,"column":8},"end":{"line":43,"column":29}},{"start":{"line":43,"column":29},"end":{"line":43,"column":59}}],"line":43},"6":{"loc":{"start":{"line":51,"column":4},"end":{"line":53,"column":null}},"type":"if","locations":[{"start":{"line":51,"column":4},"end":{"line":53,"column":null}},{"start":{},"end":{}}],"line":51}},"s":{"0":2,"1":29,"2":31,"3":31,"4":2,"5":31,"6":4,"7":31,"8":2,"9":31,"10":2,"11":31,"12":31,"13":31,"14":1,"15":31,"16":31},"f":{"0":29,"1":31},"b":{"0":[2,29],"1":[4,27],"2":[2,29],"3":[31,3],"4":[2,29],"5":[31,2],"6":[1,30]},"meta":{"lastBranch":7,"lastFunction":2,"lastStatement":17,"seen":{"s:17:67:21:Infinity":0,"f:27:16:27:29":0,"s:28:2:61:Infinity":1,"f:28:20:28:21":1,"s:29:39:29:Infinity":2,"b:31:4:33:Infinity:undefined:undefined:undefined:undefined":0,"s:31:4:33:Infinity":3,"s:32:6:32:Infinity":4,"b:35:4:37:Infinity:undefined:undefined:undefined:undefined":1,"s:35:4:37:Infinity":5,"s:36:6:36:Infinity":6,"b:39:4:41:Infinity:undefined:undefined:undefined:undefined":2,"s:39:4:41:Infinity":7,"b:39:8:39:23:39:23:39:47":3,"s:40:6:40:Infinity":8,"b:43:4:45:Infinity:undefined:undefined:undefined:undefined":4,"s:43:4:45:Infinity":9,"b:43:8:43:29:43:29:43:59":5,"s:44:6:44:Infinity":10,"s:47:4:47:Infinity":11,"s:49:32:49:Infinity":12,"b:51:4:53:Infinity:undefined:undefined:undefined:undefined":6,"s:51:4:53:Infinity":13,"s:52:6:52:Infinity":14,"s:55:20:55:Infinity":15,"s:57:4:60:Infinity":16}}}
,"/Users/tranhoangtu/Desktop/WORK/openS-Plan-R/src/adapters/formats/claude-code-format.ts": {"path":"/Users/tranhoangtu/Desktop/WORK/openS-Plan-R/src/adapters/formats/claude-code-format.ts","statementMap":{"0":{"start":{"line":19,"column":2},"end":{"line":19,"column":null}},"1":{"start":{"line":19,"column":26},"end":{"line":19,"column":null}},"2":{"start":{"line":21,"column":19},"end":{"line":25,"column":null}},"3":{"start":{"line":22,"column":20},"end":{"line":22,"column":null}},"4":{"start":{"line":23,"column":17},"end":{"line":23,"column":null}},"5":{"start":{"line":24,"column":4},"end":{"line":24,"column":null}},"6":{"start":{"line":27,"column":18},"end":{"line":34,"column":null}},"7":{"start":{"line":36,"column":2},"end":{"line":36,"column":null}}},"fnMap":{"0":{"name":"formatRules","decl":{"start":{"line":18,"column":16},"end":{"line":18,"column":28}},"loc":{"start":{"line":18,"column":64},"end":{"line":37,"column":null}},"line":18},"1":{"name":"(anonymous_1)","decl":{"start":{"line":21,"column":29},"end":{"line":21,"column":30}},"loc":{"start":{"line":21,"column":39},"end":{"line":25,"column":3}},"line":21}},"branchMap":{"0":{"loc":{"start":{"line":19,"column":2},"end":{"line":19,"column":null}},"type":"if","locations":[{"start":{"line":19,"column":2},"end":{"line":19,"column":null}},{"start":{},"end":{}}],"line":19},"1":{"loc":{"start":{"line":23,"column":17},"end":{"line":23,"column":null}},"type":"cond-expr","locations":[{"start":{"line":23,"column":36},"end":{"line":23,"column":73}},{"start":{"line":23,"column":73},"end":{"line":23,"column":null}}],"line":23}},"s":{"0":14,"1":1,"2":13,"3":15,"4":15,"5":15,"6":13,"7":13},"f":{"0":14,"1":15},"b":{"0":[1,13],"1":[1,14]},"meta":{"lastBranch":2,"lastFunction":2,"lastStatement":8,"seen":{"f:18:16:18:28":0,"b:19:2:19:Infinity:undefined:undefined:undefined:undefined":0,"s:19:2:19:Infinity":0,"s:19:26:19:Infinity":1,"s:21:19:25:Infinity":2,"f:21:29:21:30":1,"s:22:20:22:Infinity":3,"s:23:17:23:Infinity":4,"b:23:36:23:73:23:73:23:Infinity":1,"s:24:4:24:Infinity":5,"s:27:18:34:Infinity":6,"s:36:2:36:Infinity":7}}}
,"/Users/tranhoangtu/Desktop/WORK/openS-Plan-R/src/adapters/formats/codex-agent-format.ts": {"path":"/Users/tranhoangtu/Desktop/WORK/openS-Plan-R/src/adapters/formats/codex-agent-format.ts","statementMap":{"0":{"start":{"line":19,"column":2},"end":{"line":19,"column":null}},"1":{"start":{"line":19,"column":27},"end":{"line":19,"column":null}},"2":{"start":{"line":21,"column":19},"end":{"line":35,"column":null}},"3":{"start":{"line":22,"column":28},"end":{"line":22,"column":null}},"4":{"start":{"line":24,"column":4},"end":{"line":26,"column":null}},"5":{"start":{"line":25,"column":6},"end":{"line":25,"column":null}},"6":{"start":{"line":28,"column":4},"end":{"line":28,"column":null}},"7":{"start":{"line":30,"column":4},"end":{"line":32,"column":null}},"8":{"start":{"line":31,"column":6},"end":{"line":31,"column":null}},"9":{"start":{"line":34,"column":4},"end":{"line":34,"column":null}},"10":{"start":{"line":37,"column":18},"end":{"line":42,"column":null}},"11":{"start":{"line":44,"column":2},"end":{"line":44,"column":null}}},"fnMap":{"0":{"name":"formatAgents","decl":{"start":{"line":18,"column":16},"end":{"line":18,"column":29}},"loc":{"start":{"line":18,"column":66},"end":{"line":45,"column":null}},"line":18},"1":{"name":"(anonymous_1)","decl":{"start":{"line":21,"column":30},"end":{"line":21,"column":31}},"loc":{"start":{"line":21,"column":41},"end":{"line":35,"column":3}},"line":21}},"branchMap":{"0":{"loc":{"start":{"line":19,"column":2},"end":{"line":19,"column":null}},"type":"if","locations":[{"start":{"line":19,"column":2},"end":{"line":19,"column":null}},{"start":{},"end":{}}],"line":19},"1":{"loc":{"start":{"line":24,"column":4},"end":{"line":26,"column":null}},"type":"if","locations":[{"start":{"line":24,"column":4},"end":{"line":26,"column":null}},{"start":{},"end":{}}],"line":24},"2":{"loc":{"start":{"line":30,"column":4},"end":{"line":32,"column":null}},"type":"if","locations":[{"start":{"line":30,"column":4},"end":{"line":32,"column":null}},{"start":{},"end":{}}],"line":30}},"s":{"0":20,"1":1,"2":19,"3":23,"4":23,"5":1,"6":23,"7":23,"8":2,"9":23,"10":19,"11":19},"f":{"0":20,"1":23},"b":{"0":[1,19],"1":[1,22],"2":[2,21]},"meta":{"lastBranch":3,"lastFunction":2,"lastStatement":12,"seen":{"f:18:16:18:29":0,"b:19:2:19:Infinity:undefined:undefined:undefined:undefined":0,"s:19:2:19:Infinity":0,"s:19:27:19:Infinity":1,"s:21:19:35:Infinity":2,"f:21:30:21:31":1,"s:22:28:22:Infinity":3,"b:24:4:26:Infinity:undefined:undefined:undefined:undefined":1,"s:24:4:26:Infinity":4,"s:25:6:25:Infinity":5,"s:28:4:28:Infinity":6,"b:30:4:32:Infinity:undefined:undefined:undefined:undefined":2,"s:30:4:32:Infinity":7,"s:31:6:31:Infinity":8,"s:34:4:34:Infinity":9,"s:37:18:42:Infinity":10,"s:44:2:44:Infinity":11}}}
,"/Users/tranhoangtu/Desktop/WORK/openS-Plan-R/src/adapters/formats/codex-format.ts": {"path":"/Users/tranhoangtu/Desktop/WORK/openS-Plan-R/src/adapters/formats/codex-format.ts","statementMap":{"0":{"start":{"line":20,"column":2},"end":{"line":20,"column":null}},"1":{"start":{"line":20,"column":26},"end":{"line":20,"column":null}},"2":{"start":{"line":22,"column":19},"end":{"line":26,"column":null}},"3":{"start":{"line":23,"column":20},"end":{"line":23,"column":null}},"4":{"start":{"line":24,"column":17},"end":{"line":24,"column":null}},"5":{"start":{"line":25,"column":4},"end":{"line":25,"column":null}},"6":{"start":{"line":28,"column":18},"end":{"line":35,"column":null}},"7":{"start":{"line":37,"column":2},"end":{"line":37,"column":null}}},"fnMap":{"0":{"name":"formatRules","decl":{"start":{"line":19,"column":16},"end":{"line":19,"column":28}},"loc":{"start":{"line":19,"column":64},"end":{"line":38,"column":null}},"line":19},"1":{"name":"(anonymous_1)","decl":{"start":{"line":22,"column":29},"end":{"line":22,"column":30}},"loc":{"start":{"line":22,"column":39},"end":{"line":26,"column":3}},"line":22}},"branchMap":{"0":{"loc":{"start":{"line":20,"column":2},"end":{"line":20,"column":null}},"type":"if","locations":[{"start":{"line":20,"column":2},"end":{"line":20,"column":null}},{"start":{},"end":{}}],"line":20},"1":{"loc":{"start":{"line":24,"column":17},"end":{"line":24,"column":null}},"type":"cond-expr","locations":[{"start":{"line":24,"column":36},"end":{"line":24,"column":73}},{"start":{"line":24,"column":73},"end":{"line":24,"column":null}}],"line":24}},"s":{"0":12,"1":1,"2":11,"3":12,"4":12,"5":12,"6":11,"7":11},"f":{"0":12,"1":12},"b":{"0":[1,11],"1":[1,11]},"meta":{"lastBranch":2,"lastFunction":2,"lastStatement":8,"seen":{"f:19:16:19:28":0,"b:20:2:20:Infinity:undefined:undefined:undefined:undefined":0,"s:20:2:20:Infinity":0,"s:20:26:20:Infinity":1,"s:22:19:26:Infinity":2,"f:22:29:22:30":1,"s:23:20:23:Infinity":3,"s:24:17:24:Infinity":4,"b:24:36:24:73:24:73:24:Infinity":1,"s:25:4:25:Infinity":5,"s:28:18:35:Infinity":6,"s:37:2:37:Infinity":7}}}
,"/Users/tranhoangtu/Desktop/WORK/openS-Plan-R/src/adapters/formats/cursor-format.ts": {"path":"/Users/tranhoangtu/Desktop/WORK/openS-Plan-R/src/adapters/formats/cursor-format.ts","statementMap":{"0":{"start":{"line":20,"column":26},"end":{"line":20,"column":null}},"1":{"start":{"line":22,"column":2},"end":{"line":24,"column":null}},"2":{"start":{"line":23,"column":4},"end":{"line":23,"column":null}},"3":{"start":{"line":25,"column":2},"end":{"line":27,"column":null}},"4":{"start":{"line":26,"column":4},"end":{"line":26,"column":null}},"5":{"start":{"line":28,"column":2},"end":{"line":30,"column":null}},"6":{"start":{"line":29,"column":4},"end":{"line":29,"column":null}},"7":{"start":{"line":32,"column":2},"end":{"line":32,"column":null}},"8":{"start":{"line":33,"column":2},"end":{"line":33,"column":null}},"9":{"start":{"line":41,"column":2},"end":{"line":48,"column":null}},"10":{"start":{"line":42,"column":24},"end":{"line":42,"column":null}},"11":{"start":{"line":43,"column":20},"end":{"line":43,"column":null}},"12":{"start":{"line":44,"column":4},"end":{"line":47,"column":null}}},"fnMap":{"0":{"name":"buildFrontmatter","decl":{"start":{"line":19,"column":9},"end":{"line":19,"column":26}},"loc":{"start":{"line":19,"column":51},"end":{"line":34,"column":null}},"line":19},"1":{"name":"formatRules","decl":{"start":{"line":40,"column":16},"end":{"line":40,"column":28}},"loc":{"start":{"line":40,"column":64},"end":{"line":49,"column":null}},"line":40},"2":{"name":"(anonymous_2)","decl":{"start":{"line":41,"column":19},"end":{"line":41,"column":20}},"loc":{"start":{"line":41,"column":29},"end":{"line":48,"column":3}},"line":41}},"branchMap":{"0":{"loc":{"start":{"line":22,"column":2},"end":{"line":24,"column":null}},"type":"if","locations":[{"start":{"line":22,"column":2},"end":{"line":24,"column":null}},{"start":{},"end":{}}],"line":22},"1":{"loc":{"start":{"line":25,"column":2},"end":{"line":27,"column":null}},"type":"if","locations":[{"start":{"line":25,"column":2},"end":{"line":27,"column":null}},{"start":{},"end":{}}],"line":25},"2":{"loc":{"start":{"line":25,"column":6},"end":{"line":25,"column":43}},"type":"binary-expr","locations":[{"start":{"line":25,"column":6},"end":{"line":25,"column":20}},{"start":{"line":25,"column":20},"end":{"line":25,"column":43}}],"line":25},"3":{"loc":{"start":{"line":28,"column":2},"end":{"line":30,"column":null}},"type":"if","locations":[{"start":{"line":28,"column":2},"end":{"line":30,"column":null}},{"start":{},"end":{}}],"line":28}},"s":{"0":18,"1":18,"2":1,"3":18,"4":1,"5":18,"6":2,"7":18,"8":18,"9":17,"10":18,"11":18,"12":18},"f":{"0":18,"1":17,"2":18},"b":{"0":[1,17],"1":[1,17],"2":[18,2],"3":[2,16]},"meta":{"lastBranch":4,"lastFunction":3,"lastStatement":13,"seen":{"f:19:9:19:26":0,"s:20:26:20:Infinity":0,"b:22:2:24:Infinity:undefined:undefined:undefined:undefined":0,"s:22:2:24:Infinity":1,"s:23:4:23:Infinity":2,"b:25:2:27:Infinity:undefined:undefined:undefined:undefined":1,"s:25:2:27:Infinity":3,"b:25:6:25:20:25:20:25:43":2,"s:26:4:26:Infinity":4,"b:28:2:30:Infinity:undefined:undefined:undefined:undefined":3,"s:28:2:30:Infinity":5,"s:29:4:29:Infinity":6,"s:32:2:32:Infinity":7,"s:33:2:33:Infinity":8,"f:40:16:40:28":1,"s:41:2:48:Infinity":9,"f:41:19:41:20":2,"s:42:24:42:Infinity":10,"s:43:20:43:Infinity":11,"s:44:4:47:Infinity":12}}}
,"/Users/tranhoangtu/Desktop/WORK/openS-Plan-R/src/adapters/formats/roo-code-agent-format.ts": {"path":"/Users/tranhoangtu/Desktop/WORK/openS-Plan-R/src/adapters/formats/roo-code-agent-format.ts","statementMap":{"0":{"start":{"line":20,"column":46},"end":{"line":27,"column":null}},"1":{"start":{"line":31,"column":17},"end":{"line":31,"column":null}},"2":{"start":{"line":32,"column":2},"end":{"line":35,"column":null}},"3":{"start":{"line":33,"column":18},"end":{"line":33,"column":null}},"4":{"start":{"line":34,"column":4},"end":{"line":34,"column":null}},"5":{"start":{"line":34,"column":15},"end":{"line":34,"column":null}},"6":{"start":{"line":37,"column":2},"end":{"line":37,"column":null}},"7":{"start":{"line":37,"column":25},"end":{"line":37,"column":null}},"8":{"start":{"line":38,"column":2},"end":{"line":38,"column":null}},"9":{"start":{"line":55,"column":2},"end":{"line":55,"column":null}},"10":{"start":{"line":55,"column":27},"end":{"line":55,"column":null}},"11":{"start":{"line":57,"column":39},"end":{"line":74,"column":null}},"12":{"start":{"line":58,"column":19},"end":{"line":60,"column":null}},"13":{"start":{"line":62,"column":32},"end":{"line":67,"column":null}},"14":{"start":{"line":69,"column":4},"end":{"line":71,"column":null}},"15":{"start":{"line":70,"column":6},"end":{"line":70,"column":null}},"16":{"start":{"line":73,"column":4},"end":{"line":73,"column":null}},"17":{"start":{"line":76,"column":18},"end":{"line":76,"column":null}},"18":{"start":{"line":78,"column":2},"end":{"line":78,"column":null}}},"fnMap":{"0":{"name":"toolsToGroups","decl":{"start":{"line":30,"column":9},"end":{"line":30,"column":23}},"loc":{"start":{"line":30,"column":50},"end":{"line":39,"column":null}},"line":30},"1":{"name":"formatAgents","decl":{"start":{"line":54,"column":16},"end":{"line":54,"column":29}},"loc":{"start":{"line":54,"column":66},"end":{"line":79,"column":null}},"line":54},"2":{"name":"(anonymous_2)","decl":{"start":{"line":57,"column":50},"end":{"line":57,"column":51}},"loc":{"start":{"line":57,"column":61},"end":{"line":74,"column":3}},"line":57}},"branchMap":{"0":{"loc":{"start":{"line":34,"column":4},"end":{"line":34,"column":null}},"type":"if","locations":[{"start":{"line":34,"column":4},"end":{"line":34,"column":null}},{"start":{},"end":{}}],"line":34},"1":{"loc":{"start":{"line":37,"column":2},"end":{"line":37,"column":null}},"type":"if","locations":[{"start":{"line":37,"column":2},"end":{"line":37,"column":null}},{"start":{},"end":{}}],"line":37},"2":{"loc":{"start":{"line":55,"column":2},"end":{"line":55,"column":null}},"type":"if","locations":[{"start":{"line":55,"column":2},"end":{"line":55,"column":null}},{"start":{},"end":{}}],"line":55},"3":{"loc":{"start":{"line":58,"column":19},"end":{"line":60,"column":null}},"type":"cond-expr","locations":[{"start":{"line":59,"column":8},"end":{"line":59,"column":null}},{"start":{"line":60,"column":8},"end":{"line":60,"column":null}}],"line":58},"4":{"loc":{"start":{"line":58,"column":19},"end":{"line":58,"column":null}},"type":"binary-expr","locations":[{"start":{"line":58,"column":19},"end":{"line":58,"column":34}},{"start":{"line":58,"column":34},"end":{"line":58,"column":null}}],"line":58},"5":{"loc":{"start":{"line":69,"column":4},"end":{"line":71,"column":null}},"type":"if","locations":[{"start":{"line":69,"column":4},"end":{"line":71,"column":null}},{"start":{},"end":{}}],"line":69}},"s":{"0":2,"1":9,"2":9,"3":13,"4":13,"5":12,"6":9,"7":1,"8":9,"9":27,"10":1,"11":26,"12":29,"13":29,"14":29,"15":1,"16":29,"17":26,"18":26},"f":{"0":9,"1":27,"2":29},"b":{"0":[12,1],"1":[1,8],"2":[1,26],"3":[9,20],"4":[29,10],"5":[1,28]},"meta":{"lastBranch":6,"lastFunction":3,"lastStatement":19,"seen":{"s:20:46:27:Infinity":0,"f:30:9:30:23":0,"s:31:17:31:Infinity":1,"s:32:2:35:Infinity":2,"s:33:18:33:Infinity":3,"b:34:4:34:Infinity:undefined:undefined:undefined:undefined":0,"s:34:4:34:Infinity":4,"s:34:15:34:Infinity":5,"b:37:2:37:Infinity:undefined:undefined:undefined:undefined":1,"s:37:2:37:Infinity":6,"s:37:25:37:Infinity":7,"s:38:2:38:Infinity":8,"f:54:16:54:29":1,"b:55:2:55:Infinity:undefined:undefined:undefined:undefined":2,"s:55:2:55:Infinity":9,"s:55:27:55:Infinity":10,"s:57:39:74:Infinity":11,"f:57:50:57:51":2,"s:58:19:60:Infinity":12,"b:59:8:59:Infinity:60:8:60:Infinity":3,"b:58:19:58:34:58:34:58:Infinity":4,"s:62:32:67:Infinity":13,"b:69:4:71:Infinity:undefined:undefined:undefined:undefined":5,"s:69:4:71:Infinity":14,"s:70:6:70:Infinity":15,"s:73:4:73:Infinity":16,"s:76:18:76:Infinity":17,"s:78:2:78:Infinity":18}}}
,"/Users/tranhoangtu/Desktop/WORK/openS-Plan-R/src/adapters/formats/roo-code-format.ts": {"path":"/Users/tranhoangtu/Desktop/WORK/openS-Plan-R/src/adapters/formats/roo-code-format.ts","statementMap":{"0":{"start":{"line":19,"column":2},"end":{"line":26,"column":null}},"1":{"start":{"line":20,"column":19},"end":{"line":20,"column":null}},"2":{"start":{"line":21,"column":20},"end":{"line":21,"column":null}},"3":{"start":{"line":22,"column":4},"end":{"line":25,"column":null}}},"fnMap":{"0":{"name":"formatRules","decl":{"start":{"line":18,"column":16},"end":{"line":18,"column":28}},"loc":{"start":{"line":18,"column":64},"end":{"line":27,"column":null}},"line":18},"1":{"name":"(anonymous_1)","decl":{"start":{"line":19,"column":19},"end":{"line":19,"column":20}},"loc":{"start":{"line":19,"column":29},"end":{"line":26,"column":3}},"line":19}},"branchMap":{"0":{"loc":{"start":{"line":20,"column":19},"end":{"line":20,"column":null}},"type":"cond-expr","locations":[{"start":{"line":20,"column":38},"end":{"line":20,"column":84}},{"start":{"line":20,"column":84},"end":{"line":20,"column":null}}],"line":20}},"s":{"0":10,"1":11,"2":11,"3":11},"f":{"0":10,"1":11},"b":{"0":[1,10]},"meta":{"lastBranch":1,"lastFunction":2,"lastStatement":4,"seen":{"f:18:16:18:28":0,"s:19:2:26:Infinity":0,"f:19:19:19:20":1,"s:20:19:20:Infinity":1,"b:20:38:20:84:20:84:20:Infinity":0,"s:21:20:21:Infinity":2,"s:22:4:25:Infinity":3}}}
,"/Users/tranhoangtu/Desktop/WORK/openS-Plan-R/src/adapters/formats/windsurf-format.ts": {"path":"/Users/tranhoangtu/Desktop/WORK/openS-Plan-R/src/adapters/formats/windsurf-format.ts","statementMap":{"0":{"start":{"line":19,"column":2},"end":{"line":26,"column":null}},"1":{"start":{"line":20,"column":19},"end":{"line":20,"column":null}},"2":{"start":{"line":21,"column":20},"end":{"line":21,"column":null}},"3":{"start":{"line":22,"column":4},"end":{"line":25,"column":null}}},"fnMap":{"0":{"name":"formatRules","decl":{"start":{"line":18,"column":16},"end":{"line":18,"column":28}},"loc":{"start":{"line":18,"column":64},"end":{"line":27,"column":null}},"line":18},"1":{"name":"(anonymous_1)","decl":{"start":{"line":19,"column":19},"end":{"line":19,"column":20}},"loc":{"start":{"line":19,"column":29},"end":{"line":26,"column":3}},"line":19}},"branchMap":{"0":{"loc":{"start":{"line":20,"column":19},"end":{"line":20,"column":null}},"type":"cond-expr","locations":[{"start":{"line":20,"column":38},"end":{"line":20,"column":84}},{"start":{"line":20,"column":84},"end":{"line":20,"column":null}}],"line":20}},"s":{"0":10,"1":11,"2":11,"3":11},"f":{"0":10,"1":11},"b":{"0":[1,10]},"meta":{"lastBranch":1,"lastFunction":2,"lastStatement":4,"seen":{"f:18:16:18:28":0,"s:19:2:26:Infinity":0,"f:19:19:19:20":1,"s:20:19:20:Infinity":1,"b:20:38:20:84:20:84:20:Infinity":0,"s:21:20:21:Infinity":2,"s:22:4:25:Infinity":3}}}
,"/Users/tranhoangtu/Desktop/WORK/openS-Plan-R/src/clients/base-client-handler.ts": {"path":"/Users/tranhoangtu/Desktop/WORK/openS-Plan-R/src/clients/base-client-handler.ts","statementMap":{"0":{"start":{"line":8,"column":18},"end":{"line":8,"column":null}},"1":{"start":{"line":9,"column":2},"end":{"line":21,"column":null}},"2":{"start":{"line":10,"column":4},"end":{"line":10,"column":null}},"3":{"start":{"line":11,"column":4},"end":{"line":11,"column":null}},"4":{"start":{"line":12,"column":4},"end":{"line":12,"column":null}},"5":{"start":{"line":15,"column":4},"end":{"line":19,"column":null}},"6":{"start":{"line":16,"column":6},"end":{"line":16,"column":null}},"7":{"start":{"line":20,"column":4},"end":{"line":20,"column":null}},"8":{"start":{"line":26,"column":2},"end":{"line":31,"column":null}},"9":{"start":{"line":27,"column":4},"end":{"line":27,"column":null}},"10":{"start":{"line":28,"column":4},"end":{"line":28,"column":null}},"11":{"start":{"line":30,"column":4},"end":{"line":30,"column":null}},"12":{"start":{"line":45,"column":16},"end":{"line":45,"column":null}},"13":{"start":{"line":46,"column":4},"end":{"line":46,"column":null}},"14":{"start":{"line":51,"column":23},"end":{"line":51,"column":null}},"15":{"start":{"line":52,"column":4},"end":{"line":60,"column":null}},"16":{"start":{"line":53,"column":18},"end":{"line":53,"column":null}},"17":{"start":{"line":54,"column":6},"end":{"line":54,"column":null}},"18":{"start":{"line":56,"column":6},"end":{"line":58,"column":null}},"19":{"start":{"line":57,"column":8},"end":{"line":57,"column":null}},"20":{"start":{"line":59,"column":6},"end":{"line":59,"column":null}},"21":{"start":{"line":65,"column":23},"end":{"line":65,"column":null}},"22":{"start":{"line":66,"column":4},"end":{"line":70,"column":null}},"23":{"start":{"line":67,"column":6},"end":{"line":67,"column":null}},"24":{"start":{"line":69,"column":6},"end":{"line":69,"column":null}},"25":{"start":{"line":75,"column":24},"end":{"line":75,"column":null}},"26":{"start":{"line":76,"column":4},"end":{"line":76,"column":null}},"27":{"start":{"line":84,"column":4},"end":{"line":84,"column":null}},"28":{"start":{"line":88,"column":16},"end":{"line":88,"column":null}},"29":{"start":{"line":89,"column":4},"end":{"line":89,"column":null}},"30":{"start":{"line":93,"column":16},"end":{"line":93,"column":null}},"31":{"start":{"line":94,"column":4},"end":{"line":94,"column":null}},"32":{"start":{"line":98,"column":19},"end":{"line":98,"column":null}},"33":{"start":{"line":99,"column":4},"end":{"line":99,"column":null}},"34":{"start":{"line":100,"column":4},"end":{"line":100,"column":null}},"35":{"start":{"line":104,"column":19},"end":{"line":104,"column":null}},"36":{"start":{"line":105,"column":4},"end":{"line":105,"column":null}},"37":{"start":{"line":106,"column":4},"end":{"line":106,"column":null}}},"fnMap":{"0":{"name":"atomicWrite","decl":{"start":{"line":7,"column":22},"end":{"line":7,"column":34}},"loc":{"start":{"line":7,"column":84},"end":{"line":22,"column":null}},"line":7},"1":{"name":"pathExists","decl":{"start":{"line":25,"column":22},"end":{"line":25,"column":33}},"loc":{"start":{"line":25,"column":62},"end":{"line":32,"column":null}},"line":25},"2":{"name":"(anonymous_2)","decl":{"start":{"line":44,"column":8},"end":{"line":44,"column":40}},"loc":{"start":{"line":44,"column":40},"end":{"line":47,"column":null}},"line":44},"3":{"name":"(anonymous_3)","decl":{"start":{"line":50,"column":18},"end":{"line":50,"column":62}},"loc":{"start":{"line":50,"column":62},"end":{"line":61,"column":null}},"line":50},"4":{"name":"(anonymous_4)","decl":{"start":{"line":64,"column":18},"end":{"line":64,"column":27}},"loc":{"start":{"line":64,"column":73},"end":{"line":71,"column":null}},"line":64},"5":{"name":"(anonymous_5)","decl":{"start":{"line":74,"column":12},"end":{"line":74,"column":27}},"loc":{"start":{"line":74,"column":71},"end":{"line":77,"column":null}},"line":74},"6":{"name":"(anonymous_6)","decl":{"start":{"line":80,"column":12},"end":{"line":80,"column":null}},"loc":{"start":{"line":83,"column":29},"end":{"line":85,"column":null}},"line":83},"7":{"name":"(anonymous_7)","decl":{"start":{"line":87,"column":8},"end":{"line":87,"column":44}},"loc":{"start":{"line":87,"column":44},"end":{"line":90,"column":null}},"line":87},"8":{"name":"(anonymous_8)","decl":{"start":{"line":92,"column":8},"end":{"line":92,"column":20}},"loc":{"start":{"line":92,"column":57},"end":{"line":95,"column":null}},"line":92},"9":{"name":"(anonymous_9)","decl":{"start":{"line":97,"column":8},"end":{"line":97,"column":18}},"loc":{"start":{"line":97,"column":67},"end":{"line":101,"column":null}},"line":97},"10":{"name":"(anonymous_10)","decl":{"start":{"line":103,"column":8},"end":{"line":103,"column":21}},"loc":{"start":{"line":103,"column":50},"end":{"line":107,"column":null}},"line":103}},"branchMap":{"0":{"loc":{"start":{"line":56,"column":6},"end":{"line":58,"column":null}},"type":"if","locations":[{"start":{"line":56,"column":6},"end":{"line":58,"column":null}},{"start":{},"end":{}}],"line":56},"1":{"loc":{"start":{"line":75,"column":24},"end":{"line":75,"column":null}},"type":"binary-expr","locations":[{"start":{"line":75,"column":24},"end":{"line":75,"column":42}},{"start":{"line":75,"column":42},"end":{"line":75,"column":null}}],"line":75}},"s":{"0":18,"1":18,"2":18,"3":18,"4":18,"5":0,"6":0,"7":0,"8":12,"9":12,"10":6,"11":6,"12":12,"13":12,"14":37,"15":37,"16":37,"17":33,"18":4,"19":4,"20":0,"21":12,"22":12,"23":12,"24":0,"25":11,"26":11,"27":5,"28":38,"29":38,"30":18,"31":18,"32":12,"33":12,"34":12,"35":6,"36":6,"37":6},"f":{"0":18,"1":12,"2":12,"3":37,"4":12,"5":11,"6":5,"7":38,"8":18,"9":12,"10":6},"b":{"0":[4,0],"1":[11,4]},"meta":{"lastBranch":2,"lastFunction":11,"lastStatement":38,"seen":{"f:7:22:7:34":0,"s:8:18:8:Infinity":0,"s:9:2:21:Infinity":1,"s:10:4:10:Infinity":2,"s:11:4:11:Infinity":3,"s:12:4:12:Infinity":4,"s:15:4:19:Infinity":5,"s:16:6:16:Infinity":6,"s:20:4:20:Infinity":7,"f:25:22:25:33":1,"s:26:2:31:Infinity":8,"s:27:4:27:Infinity":9,"s:28:4:28:Infinity":10,"s:30:4:30:Infinity":11,"f:44:8:44:40":2,"s:45:16:45:Infinity":12,"s:46:4:46:Infinity":13,"f:50:18:50:62":3,"s:51:23:51:Infinity":14,"s:52:4:60:Infinity":15,"s:53:18:53:Infinity":16,"s:54:6:54:Infinity":17,"b:56:6:58:Infinity:undefined:undefined:undefined:undefined":0,"s:56:6:58:Infinity":18,"s:57:8:57:Infinity":19,"s:59:6:59:Infinity":20,"f:64:18:64:27":4,"s:65:23:65:Infinity":21,"s:66:4:70:Infinity":22,"s:67:6:67:Infinity":23,"s:69:6:69:Infinity":24,"f:74:12:74:27":5,"s:75:24:75:Infinity":25,"b:75:24:75:42:75:42:75:Infinity":1,"s:76:4:76:Infinity":26,"f:80:12:80:Infinity":6,"s:84:4:84:Infinity":27,"f:87:8:87:44":7,"s:88:16:88:Infinity":28,"s:89:4:89:Infinity":29,"f:92:8:92:20":8,"s:93:16:93:Infinity":30,"s:94:4:94:Infinity":31,"f:97:8:97:18":9,"s:98:19:98:Infinity":32,"s:99:4:99:Infinity":33,"s:100:4:100:Infinity":34,"f:103:8:103:21":10,"s:104:19:104:Infinity":35,"s:105:4:105:Infinity":36,"s:106:4:106:Infinity":37}}}
,"/Users/tranhoangtu/Desktop/WORK/openS-Plan-R/src/clients/claude-code.ts": {"path":"/Users/tranhoangtu/Desktop/WORK/openS-Plan-R/src/clients/claude-code.ts","statementMap":{"0":{"start":{"line":11,"column":21},"end":{"line":11,"column":null}},"1":{"start":{"line":12,"column":16},"end":{"line":12,"column":null}},"2":{"start":{"line":15,"column":4},"end":{"line":15,"column":null}}},"fnMap":{"0":{"name":"(anonymous_0)","decl":{"start":{"line":14,"column":2},"end":{"line":14,"column":26}},"loc":{"start":{"line":14,"column":26},"end":{"line":16,"column":null}},"line":14}},"branchMap":{},"s":{"0":10,"1":10,"2":12},"f":{"0":12},"b":{},"meta":{"lastBranch":0,"lastFunction":1,"lastStatement":3,"seen":{"s:11:21:11:Infinity":0,"s:12:16:12:Infinity":1,"f:14:2:14:26":0,"s:15:4:15:Infinity":2}}}
,"/Users/tranhoangtu/Desktop/WORK/openS-Plan-R/src/clients/claude-desktop.ts": {"path":"/Users/tranhoangtu/Desktop/WORK/openS-Plan-R/src/clients/claude-desktop.ts","statementMap":{"0":{"start":{"line":6,"column":21},"end":{"line":6,"column":null}},"1":{"start":{"line":7,"column":16},"end":{"line":7,"column":null}},"2":{"start":{"line":10,"column":4},"end":{"line":10,"column":null}}},"fnMap":{"0":{"name":"(anonymous_0)","decl":{"start":{"line":9,"column":2},"end":{"line":9,"column":26}},"loc":{"start":{"line":9,"column":26},"end":{"line":11,"column":null}},"line":9}},"branchMap":{},"s":{"0":0,"1":0,"2":0},"f":{"0":0},"b":{},"meta":{"lastBranch":0,"lastFunction":1,"lastStatement":3,"seen":{"s:6:21:6:Infinity":0,"s:7:16:7:Infinity":1,"f:9:2:9:26":0,"s:10:4:10:Infinity":2}}}
,"/Users/tranhoangtu/Desktop/WORK/openS-Plan-R/src/clients/client-detector.ts": {"path":"/Users/tranhoangtu/Desktop/WORK/openS-Plan-R/src/clients/client-detector.ts","statementMap":{"0":{"start":{"line":15,"column":2},"end":{"line":26,"column":null}},"1":{"start":{"line":31,"column":2},"end":{"line":52,"column":null}},"2":{"start":{"line":33,"column":6},"end":{"line":33,"column":null}},"3":{"start":{"line":35,"column":6},"end":{"line":35,"column":null}},"4":{"start":{"line":37,"column":6},"end":{"line":37,"column":null}},"5":{"start":{"line":39,"column":6},"end":{"line":39,"column":null}},"6":{"start":{"line":41,"column":6},"end":{"line":41,"column":null}},"7":{"start":{"line":43,"column":6},"end":{"line":43,"column":null}},"8":{"start":{"line":45,"column":6},"end":{"line":45,"column":null}},"9":{"start":{"line":47,"column":6},"end":{"line":47,"column":null}},"10":{"start":{"line":49,"column":6},"end":{"line":49,"column":null}},"11":{"start":{"line":51,"column":6},"end":{"line":51,"column":null}},"12":{"start":{"line":57,"column":14},"end":{"line":57,"column":null}},"13":{"start":{"line":58,"column":18},"end":{"line":60,"column":null}},"14":{"start":{"line":59,"column":32},"end":{"line":59,"column":84}},"15":{"start":{"line":61,"column":2},"end":{"line":61,"column":null}},"16":{"start":{"line":61,"column":31},"end":{"line":61,"column":42}},"17":{"start":{"line":61,"column":55},"end":{"line":61,"column":64}}},"fnMap":{"0":{"name":"getAllClientTypes","decl":{"start":{"line":14,"column":16},"end":{"line":14,"column":50}},"loc":{"start":{"line":14,"column":50},"end":{"line":27,"column":null}},"line":14},"1":{"name":"getClient","decl":{"start":{"line":30,"column":16},"end":{"line":30,"column":26}},"loc":{"start":{"line":30,"column":59},"end":{"line":53,"column":null}},"line":30},"2":{"name":"getInstalledClients","decl":{"start":{"line":56,"column":22},"end":{"line":56,"column":70}},"loc":{"start":{"line":56,"column":70},"end":{"line":62,"column":null}},"line":56},"3":{"name":"(anonymous_3)","decl":{"start":{"line":59,"column":12},"end":{"line":59,"column":19}},"loc":{"start":{"line":59,"column":32},"end":{"line":59,"column":84}},"line":59},"4":{"name":"(anonymous_4)","decl":{"start":{"line":61,"column":24},"end":{"line":61,"column":25}},"loc":{"start":{"line":61,"column":31},"end":{"line":61,"column":42}},"line":61},"5":{"name":"(anonymous_5)","decl":{"start":{"line":61,"column":48},"end":{"line":61,"column":49}},"loc":{"start":{"line":61,"column":55},"end":{"line":61,"column":64}},"line":61}},"branchMap":{"0":{"loc":{"start":{"line":31,"column":2},"end":{"line":52,"column":null}},"type":"switch","locations":[{"start":{"line":32,"column":4},"end":{"line":33,"column":null}},{"start":{"line":34,"column":4},"end":{"line":35,"column":null}},{"start":{"line":36,"column":4},"end":{"line":37,"column":null}},{"start":{"line":38,"column":4},"end":{"line":39,"column":null}},{"start":{"line":40,"column":4},"end":{"line":41,"column":null}},{"start":{"line":42,"column":4},"end":{"line":43,"column":null}},{"start":{"line":44,"column":4},"end":{"line":45,"column":null}},{"start":{"line":46,"column":4},"end":{"line":47,"column":null}},{"start":{"line":48,"column":4},"end":{"line":49,"column":null}},{"start":{"line":50,"column":4},"end":{"line":51,"column":null}}],"line":31}},"s":{"0":8,"1":77,"2":9,"3":8,"4":8,"5":8,"6":8,"7":8,"8":7,"9":7,"10":7,"11":7,"12":7,"13":7,"14":70,"15":7,"16":70,"17":18},"f":{"0":8,"1":77,"2":7,"3":70,"4":70,"5":18},"b":{"0":[9,8,8,8,8,8,7,7,7,7]},"meta":{"lastBranch":1,"lastFunction":6,"lastStatement":18,"seen":{"f:14:16:14:50":0,"s:15:2:26:Infinity":0,"f:30:16:30:26":1,"b:32:4:33:Infinity:34:4:35:Infinity:36:4:37:Infinity:38:4:39:Infinity:40:4:41:Infinity:42:4:43:Infinity:44:4:45:Infinity:46:4:47:Infinity:48:4:49:Infinity:50:4:51:Infinity":0,"s:31:2:52:Infinity":1,"s:33:6:33:Infinity":2,"s:35:6:35:Infinity":3,"s:37:6:37:Infinity":4,"s:39:6:39:Infinity":5,"s:41:6:41:Infinity":6,"s:43:6:43:Infinity":7,"s:45:6:45:Infinity":8,"s:47:6:47:Infinity":9,"s:49:6:49:Infinity":10,"s:51:6:51:Infinity":11,"f:56:22:56:70":2,"s:57:14:57:Infinity":12,"s:58:18:60:Infinity":13,"f:59:12:59:19":3,"s:59:32:59:84":14,"s:61:2:61:Infinity":15,"f:61:24:61:25":4,"s:61:31:61:42":16,"f:61:48:61:49":5,"s:61:55:61:64":17}}}
,"/Users/tranhoangtu/Desktop/WORK/openS-Plan-R/src/clients/codex-cli.ts": {"path":"/Users/tranhoangtu/Desktop/WORK/openS-Plan-R/src/clients/codex-cli.ts","statementMap":{"0":{"start":{"line":13,"column":21},"end":{"line":13,"column":null}},"1":{"start":{"line":14,"column":16},"end":{"line":14,"column":null}},"2":{"start":{"line":17,"column":4},"end":{"line":17,"column":null}},"3":{"start":{"line":21,"column":23},"end":{"line":21,"column":null}},"4":{"start":{"line":22,"column":4},"end":{"line":28,"column":null}},"5":{"start":{"line":23,"column":18},"end":{"line":23,"column":null}},"6":{"start":{"line":24,"column":6},"end":{"line":24,"column":null}},"7":{"start":{"line":26,"column":6},"end":{"line":26,"column":null}},"8":{"start":{"line":26,"column":60},"end":{"line":26,"column":null}},"9":{"start":{"line":27,"column":6},"end":{"line":27,"column":null}},"10":{"start":{"line":32,"column":23},"end":{"line":32,"column":null}},"11":{"start":{"line":33,"column":4},"end":{"line":37,"column":null}},"12":{"start":{"line":34,"column":6},"end":{"line":34,"column":null}},"13":{"start":{"line":36,"column":6},"end":{"line":36,"column":null}},"14":{"start":{"line":41,"column":24},"end":{"line":41,"column":null}},"15":{"start":{"line":42,"column":4},"end":{"line":42,"column":null}},"16":{"start":{"line":49,"column":4},"end":{"line":49,"column":null}}},"fnMap":{"0":{"name":"(anonymous_0)","decl":{"start":{"line":16,"column":2},"end":{"line":16,"column":26}},"loc":{"start":{"line":16,"column":26},"end":{"line":18,"column":null}},"line":16},"1":{"name":"(anonymous_1)","decl":{"start":{"line":20,"column":18},"end":{"line":20,"column":62}},"loc":{"start":{"line":20,"column":62},"end":{"line":29,"column":null}},"line":20},"2":{"name":"(anonymous_2)","decl":{"start":{"line":31,"column":18},"end":{"line":31,"column":27}},"loc":{"start":{"line":31,"column":73},"end":{"line":38,"column":null}},"line":31},"3":{"name":"(anonymous_3)","decl":{"start":{"line":40,"column":12},"end":{"line":40,"column":27}},"loc":{"start":{"line":40,"column":71},"end":{"line":43,"column":null}},"line":40},"4":{"name":"(anonymous_4)","decl":{"start":{"line":45,"column":12},"end":{"line":45,"column":null}},"loc":{"start":{"line":48,"column":29},"end":{"line":50,"column":null}},"line":48}},"branchMap":{"0":{"loc":{"start":{"line":26,"column":6},"end":{"line":26,"column":null}},"type":"if","locations":[{"start":{"line":26,"column":6},"end":{"line":26,"column":null}},{"start":{},"end":{}}],"line":26},"1":{"loc":{"start":{"line":41,"column":24},"end":{"line":41,"column":null}},"type":"binary-expr","locations":[{"start":{"line":41,"column":24},"end":{"line":41,"column":43}},{"start":{"line":41,"column":43},"end":{"line":41,"column":null}}],"line":41}},"s":{"0":11,"1":11,"2":15,"3":9,"4":9,"5":9,"6":8,"7":1,"8":1,"9":0,"10":3,"11":3,"12":3,"13":0,"14":6,"15":6,"16":3},"f":{"0":15,"1":9,"2":3,"3":6,"4":3},"b":{"0":[1,0],"1":[6,2]},"meta":{"lastBranch":2,"lastFunction":5,"lastStatement":17,"seen":{"s:13:21:13:Infinity":0,"s:14:16:14:Infinity":1,"f:16:2:16:26":0,"s:17:4:17:Infinity":2,"f:20:18:20:62":1,"s:21:23:21:Infinity":3,"s:22:4:28:Infinity":4,"s:23:18:23:Infinity":5,"s:24:6:24:Infinity":6,"b:26:6:26:Infinity:undefined:undefined:undefined:undefined":0,"s:26:6:26:Infinity":7,"s:26:60:26:Infinity":8,"s:27:6:27:Infinity":9,"f:31:18:31:27":2,"s:32:23:32:Infinity":10,"s:33:4:37:Infinity":11,"s:34:6:34:Infinity":12,"s:36:6:36:Infinity":13,"f:40:12:40:27":3,"s:41:24:41:Infinity":14,"b:41:24:41:43:41:43:41:Infinity":1,"s:42:4:42:Infinity":15,"f:45:12:45:Infinity":4,"s:49:4:49:Infinity":16}}}
,"/Users/tranhoangtu/Desktop/WORK/openS-Plan-R/src/clients/continue-client.ts": {"path":"/Users/tranhoangtu/Desktop/WORK/openS-Plan-R/src/clients/continue-client.ts","statementMap":{"0":{"start":{"line":14,"column":21},"end":{"line":14,"column":null}},"1":{"start":{"line":15,"column":16},"end":{"line":15,"column":null}},"2":{"start":{"line":18,"column":4},"end":{"line":18,"column":null}},"3":{"start":{"line":22,"column":23},"end":{"line":22,"column":null}},"4":{"start":{"line":23,"column":4},"end":{"line":29,"column":null}},"5":{"start":{"line":24,"column":18},"end":{"line":24,"column":null}},"6":{"start":{"line":25,"column":6},"end":{"line":25,"column":null}},"7":{"start":{"line":27,"column":6},"end":{"line":27,"column":null}},"8":{"start":{"line":27,"column":60},"end":{"line":27,"column":null}},"9":{"start":{"line":28,"column":6},"end":{"line":28,"column":null}},"10":{"start":{"line":33,"column":23},"end":{"line":33,"column":null}},"11":{"start":{"line":34,"column":4},"end":{"line":38,"column":null}},"12":{"start":{"line":35,"column":6},"end":{"line":35,"column":null}},"13":{"start":{"line":37,"column":6},"end":{"line":37,"column":null}},"14":{"start":{"line":42,"column":22},"end":{"line":42,"column":null}},"15":{"start":{"line":44,"column":22},"end":{"line":44,"column":null}},"16":{"start":{"line":45,"column":4},"end":{"line":48,"column":null}},"17":{"start":{"line":46,"column":32},"end":{"line":46,"column":null}},"18":{"start":{"line":47,"column":6},"end":{"line":47,"column":null}},"19":{"start":{"line":49,"column":49},"end":{"line":49,"column":null}},"20":{"start":{"line":50,"column":4},"end":{"line":50,"column":null}},"21":{"start":{"line":57,"column":21},"end":{"line":60,"column":null}},"22":{"start":{"line":57,"column":76},"end":{"line":60,"column":6}},"23":{"start":{"line":61,"column":4},"end":{"line":61,"column":null}}},"fnMap":{"0":{"name":"(anonymous_0)","decl":{"start":{"line":17,"column":2},"end":{"line":17,"column":26}},"loc":{"start":{"line":17,"column":26},"end":{"line":19,"column":null}},"line":17},"1":{"name":"(anonymous_1)","decl":{"start":{"line":21,"column":18},"end":{"line":21,"column":62}},"loc":{"start":{"line":21,"column":62},"end":{"line":30,"column":null}},"line":21},"2":{"name":"(anonymous_2)","decl":{"start":{"line":32,"column":18},"end":{"line":32,"column":27}},"loc":{"start":{"line":32,"column":73},"end":{"line":39,"column":null}},"line":32},"3":{"name":"(anonymous_3)","decl":{"start":{"line":41,"column":12},"end":{"line":41,"column":27}},"loc":{"start":{"line":41,"column":71},"end":{"line":51,"column":null}},"line":41},"4":{"name":"(anonymous_4)","decl":{"start":{"line":53,"column":12},"end":{"line":53,"column":null}},"loc":{"start":{"line":56,"column":29},"end":{"line":62,"column":null}},"line":56},"5":{"name":"(anonymous_5)","decl":{"start":{"line":57,"column":56},"end":{"line":57,"column":57}},"loc":{"start":{"line":57,"column":76},"end":{"line":60,"column":6}},"line":57}},"branchMap":{"0":{"loc":{"start":{"line":25,"column":14},"end":{"line":25,"column":null}},"type":"binary-expr","locations":[{"start":{"line":25,"column":14},"end":{"line":25,"column":33}},{"start":{"line":25,"column":33},"end":{"line":25,"column":null}}],"line":25},"1":{"loc":{"start":{"line":27,"column":6},"end":{"line":27,"column":null}},"type":"if","locations":[{"start":{"line":27,"column":6},"end":{"line":27,"column":null}},{"start":{},"end":{}}],"line":27},"2":{"loc":{"start":{"line":42,"column":22},"end":{"line":42,"column":null}},"type":"binary-expr","locations":[{"start":{"line":42,"column":22},"end":{"line":42,"column":40}},{"start":{"line":42,"column":40},"end":{"line":42,"column":null}}],"line":42}},"s":{"0":12,"1":12,"2":16,"3":10,"4":10,"5":10,"6":9,"7":1,"8":1,"9":0,"10":3,"11":3,"12":3,"13":0,"14":7,"15":7,"16":7,"17":4,"18":4,"19":7,"20":7,"21":3,"22":3,"23":3},"f":{"0":16,"1":10,"2":3,"3":7,"4":3,"5":3},"b":{"0":[9,0],"1":[1,0],"2":[7,2]},"meta":{"lastBranch":3,"lastFunction":6,"lastStatement":24,"seen":{"s:14:21:14:Infinity":0,"s:15:16:15:Infinity":1,"f:17:2:17:26":0,"s:18:4:18:Infinity":2,"f:21:18:21:62":1,"s:22:23:22:Infinity":3,"s:23:4:29:Infinity":4,"s:24:18:24:Infinity":5,"s:25:6:25:Infinity":6,"b:25:14:25:33:25:33:25:Infinity":0,"b:27:6:27:Infinity:undefined:undefined:undefined:undefined":1,"s:27:6:27:Infinity":7,"s:27:60:27:Infinity":8,"s:28:6:28:Infinity":9,"f:32:18:32:27":2,"s:33:23:33:Infinity":10,"s:34:4:38:Infinity":11,"s:35:6:35:Infinity":12,"s:37:6:37:Infinity":13,"f:41:12:41:27":3,"s:42:22:42:Infinity":14,"b:42:22:42:40:42:40:42:Infinity":2,"s:44:22:44:Infinity":15,"s:45:4:48:Infinity":16,"s:46:32:46:Infinity":17,"s:47:6:47:Infinity":18,"s:49:49:49:Infinity":19,"s:50:4:50:Infinity":20,"f:53:12:53:Infinity":4,"s:57:21:60:Infinity":21,"f:57:56:57:57":5,"s:57:76:60:6":22,"s:61:4:61:Infinity":23}}}
,"/Users/tranhoangtu/Desktop/WORK/openS-Plan-R/src/clients/cursor.ts": {"path":"/Users/tranhoangtu/Desktop/WORK/openS-Plan-R/src/clients/cursor.ts","statementMap":{"0":{"start":{"line":6,"column":21},"end":{"line":6,"column":null}},"1":{"start":{"line":7,"column":16},"end":{"line":7,"column":null}},"2":{"start":{"line":10,"column":4},"end":{"line":10,"column":null}}},"fnMap":{"0":{"name":"(anonymous_0)","decl":{"start":{"line":9,"column":2},"end":{"line":9,"column":26}},"loc":{"start":{"line":9,"column":26},"end":{"line":11,"column":null}},"line":9}},"branchMap":{},"s":{"0":0,"1":0,"2":0},"f":{"0":0},"b":{},"meta":{"lastBranch":0,"lastFunction":1,"lastStatement":3,"seen":{"s:6:21:6:Infinity":0,"s:7:16:7:Infinity":1,"f:9:2:9:26":0,"s:10:4:10:Infinity":2}}}
,"/Users/tranhoangtu/Desktop/WORK/openS-Plan-R/src/clients/opencode.ts": {"path":"/Users/tranhoangtu/Desktop/WORK/openS-Plan-R/src/clients/opencode.ts","statementMap":{"0":{"start":{"line":11,"column":21},"end":{"line":11,"column":null}},"1":{"start":{"line":12,"column":16},"end":{"line":12,"column":null}},"2":{"start":{"line":15,"column":4},"end":{"line":15,"column":null}},"3":{"start":{"line":19,"column":17},"end":{"line":19,"column":null}},"4":{"start":{"line":20,"column":49},"end":{"line":20,"column":null}},"5":{"start":{"line":21,"column":4},"end":{"line":29,"column":null}},"6":{"start":{"line":22,"column":24},"end":{"line":22,"column":null}},"7":{"start":{"line":23,"column":6},"end":{"line":23,"column":null}},"8":{"start":{"line":23,"column":33},"end":{"line":23,"column":null}},"9":{"start":{"line":24,"column":6},"end":{"line":28,"column":null}},"10":{"start":{"line":30,"column":4},"end":{"line":30,"column":null}},"11":{"start":{"line":37,"column":25},"end":{"line":37,"column":null}},"12":{"start":{"line":38,"column":57},"end":{"line":38,"column":null}},"13":{"start":{"line":39,"column":4},"end":{"line":51,"column":null}},"14":{"start":{"line":41,"column":6},"end":{"line":41,"column":null}},"15":{"start":{"line":41,"column":26},"end":{"line":41,"column":null}},"16":{"start":{"line":43,"column":30},"end":{"line":43,"column":null}},"17":{"start":{"line":44,"column":22},"end":{"line":44,"column":null}},"18":{"start":{"line":45,"column":6},"end":{"line":50,"column":null}},"19":{"start":{"line":53,"column":40},"end":{"line":53,"column":null}},"20":{"start":{"line":54,"column":4},"end":{"line":54,"column":null}}},"fnMap":{"0":{"name":"(anonymous_0)","decl":{"start":{"line":14,"column":2},"end":{"line":14,"column":26}},"loc":{"start":{"line":14,"column":26},"end":{"line":16,"column":null}},"line":14},"1":{"name":"(anonymous_1)","decl":{"start":{"line":18,"column":12},"end":{"line":18,"column":27}},"loc":{"start":{"line":18,"column":71},"end":{"line":31,"column":null}},"line":18},"2":{"name":"(anonymous_2)","decl":{"start":{"line":33,"column":12},"end":{"line":33,"column":null}},"loc":{"start":{"line":36,"column":29},"end":{"line":55,"column":null}},"line":36}},"branchMap":{"0":{"loc":{"start":{"line":19,"column":17},"end":{"line":19,"column":null}},"type":"binary-expr","locations":[{"start":{"line":19,"column":17},"end":{"line":19,"column":28}},{"start":{"line":19,"column":28},"end":{"line":19,"column":null}}],"line":19},"1":{"loc":{"start":{"line":22,"column":24},"end":{"line":22,"column":null}},"type":"binary-expr","locations":[{"start":{"line":22,"column":24},"end":{"line":22,"column":41}},{"start":{"line":22,"column":41},"end":{"line":22,"column":null}}],"line":22},"2":{"loc":{"start":{"line":23,"column":6},"end":{"line":23,"column":null}},"type":"if","locations":[{"start":{"line":23,"column":6},"end":{"line":23,"column":null}},{"start":{},"end":{}}],"line":23},"3":{"loc":{"start":{"line":27,"column":12},"end":{"line":27,"column":null}},"type":"cond-expr","locations":[{"start":{"line":27,"column":32},"end":{"line":27,"column":87}},{"start":{"line":27,"column":87},"end":{"line":27,"column":null}}],"line":27},"4":{"loc":{"start":{"line":37,"column":25},"end":{"line":37,"column":null}},"type":"binary-expr","locations":[{"start":{"line":37,"column":25},"end":{"line":37,"column":36}},{"start":{"line":37,"column":36},"end":{"line":37,"column":null}}],"line":37},"5":{"loc":{"start":{"line":41,"column":6},"end":{"line":41,"column":null}},"type":"if","locations":[{"start":{"line":41,"column":6},"end":{"line":41,"column":null}},{"start":{},"end":{}}],"line":41},"6":{"loc":{"start":{"line":44,"column":22},"end":{"line":44,"column":null}},"type":"cond-expr","locations":[{"start":{"line":44,"column":54},"end":{"line":44,"column":72}},{"start":{"line":44,"column":72},"end":{"line":44,"column":null}}],"line":44},"7":{"loc":{"start":{"line":47,"column":37},"end":{"line":47,"column":54}},"type":"binary-expr","locations":[{"start":{"line":47,"column":37},"end":{"line":47,"column":51}},{"start":{"line":47,"column":51},"end":{"line":47,"column":54}}],"line":47},"8":{"loc":{"start":{"line":49,"column":12},"end":{"line":49,"column":null}},"type":"cond-expr","locations":[{"start":{"line":49,"column":24},"end":{"line":49,"column":53}},{"start":{"line":49,"column":53},"end":{"line":49,"column":null}}],"line":49}},"s":{"0":13,"1":13,"2":19,"3":8,"4":8,"5":8,"6":4,"7":4,"8":0,"9":4,"10":8,"11":4,"12":4,"13":4,"14":4,"15":0,"16":4,"17":4,"18":4,"19":4,"20":4},"f":{"0":19,"1":8,"2":4},"b":{"0":[8,2],"1":[4,0],"2":[0,4],"3":[1,3],"4":[4,0],"5":[0,4],"6":[1,3],"7":[4,1],"8":[1,3]},"meta":{"lastBranch":9,"lastFunction":3,"lastStatement":21,"seen":{"s:11:21:11:Infinity":0,"s:12:16:12:Infinity":1,"f:14:2:14:26":0,"s:15:4:15:Infinity":2,"f:18:12:18:27":1,"s:19:17:19:Infinity":3,"b:19:17:19:28:19:28:19:Infinity":0,"s:20:49:20:Infinity":4,"s:21:4:29:Infinity":5,"s:22:24:22:Infinity":6,"b:22:24:22:41:22:41:22:Infinity":1,"b:23:6:23:Infinity:undefined:undefined:undefined:undefined":2,"s:23:6:23:Infinity":7,"s:23:33:23:Infinity":8,"s:24:6:28:Infinity":9,"b:27:32:27:87:27:87:27:Infinity":3,"s:30:4:30:Infinity":10,"f:33:12:33:Infinity":2,"s:37:25:37:Infinity":11,"b:37:25:37:36:37:36:37:Infinity":4,"s:38:57:38:Infinity":12,"s:39:4:51:Infinity":13,"b:41:6:41:Infinity:undefined:undefined:undefined:undefined":5,"s:41:6:41:Infinity":14,"s:41:26:41:Infinity":15,"s:43:30:43:Infinity":16,"s:44:22:44:Infinity":17,"b:44:54:44:72:44:72:44:Infinity":6,"s:45:6:50:Infinity":18,"b:47:37:47:51:47:51:47:54":7,"b:49:24:49:53:49:53:49:Infinity":8,"s:53:40:53:Infinity":19,"s:54:4:54:Infinity":20}}}
,"/Users/tranhoangtu/Desktop/WORK/openS-Plan-R/src/clients/roo-code.ts": {"path":"/Users/tranhoangtu/Desktop/WORK/openS-Plan-R/src/clients/roo-code.ts","statementMap":{"0":{"start":{"line":11,"column":21},"end":{"line":11,"column":null}},"1":{"start":{"line":12,"column":16},"end":{"line":12,"column":null}},"2":{"start":{"line":15,"column":4},"end":{"line":15,"column":null}}},"fnMap":{"0":{"name":"(anonymous_0)","decl":{"start":{"line":14,"column":2},"end":{"line":14,"column":26}},"loc":{"start":{"line":14,"column":26},"end":{"line":16,"column":null}},"line":14}},"branchMap":{},"s":{"0":11,"1":11,"2":15},"f":{"0":15},"b":{},"meta":{"lastBranch":0,"lastFunction":1,"lastStatement":3,"seen":{"s:11:21:11:Infinity":0,"s:12:16:12:Infinity":1,"f:14:2:14:26":0,"s:15:4:15:Infinity":2}}}
,"/Users/tranhoangtu/Desktop/WORK/openS-Plan-R/src/clients/types.ts": {"path":"/Users/tranhoangtu/Desktop/WORK/openS-Plan-R/src/clients/types.ts","statementMap":{"0":{"start":{"line":44,"column":4},"end":{"line":44,"column":null}},"1":{"start":{"line":43,"column":21},"end":{"line":43,"column":41}},"2":{"start":{"line":45,"column":4},"end":{"line":45,"column":null}},"3":{"start":{"line":54,"column":4},"end":{"line":54,"column":null}},"4":{"start":{"line":51,"column":11},"end":{"line":51,"column":null}},"5":{"start":{"line":55,"column":4},"end":{"line":55,"column":null}},"6":{"start":{"line":64,"column":4},"end":{"line":64,"column":null}},"7":{"start":{"line":61,"column":11},"end":{"line":61,"column":null}},"8":{"start":{"line":65,"column":4},"end":{"line":65,"column":null}}},"fnMap":{"0":{"name":"(anonymous_0)","decl":{"start":{"line":43,"column":2},"end":{"line":43,"column":21}},"loc":{"start":{"line":43,"column":41},"end":{"line":46,"column":null}},"line":43},"1":{"name":"(anonymous_1)","decl":{"start":{"line":50,"column":2},"end":{"line":50,"column":null}},"loc":{"start":{"line":53,"column":4},"end":{"line":56,"column":null}},"line":53},"2":{"name":"(anonymous_2)","decl":{"start":{"line":60,"column":2},"end":{"line":60,"column":null}},"loc":{"start":{"line":63,"column":4},"end":{"line":66,"column":null}},"line":63}},"branchMap":{},"s":{"0":0,"1":0,"2":0,"3":0,"4":0,"5":0,"6":0,"7":0,"8":0},"f":{"0":0,"1":0,"2":0},"b":{},"meta":{"lastBranch":0,"lastFunction":3,"lastStatement":9,"seen":{"f:43:2:43:21":0,"s:44:4:44:Infinity":0,"s:43:21:43:41":1,"s:45:4:45:Infinity":2,"f:50:2:50:Infinity":1,"s:54:4:54:Infinity":3,"s:51:11:51:Infinity":4,"s:55:4:55:Infinity":5,"f:60:2:60:Infinity":2,"s:64:4:64:Infinity":6,"s:61:11:61:Infinity":7,"s:65:4:65:Infinity":8}}}
,"/Users/tranhoangtu/Desktop/WORK/openS-Plan-R/src/clients/vscode.ts": {"path":"/Users/tranhoangtu/Desktop/WORK/openS-Plan-R/src/clients/vscode.ts","statementMap":{"0":{"start":{"line":11,"column":21},"end":{"line":11,"column":null}},"1":{"start":{"line":12,"column":16},"end":{"line":12,"column":null}},"2":{"start":{"line":15,"column":4},"end":{"line":15,"column":null}},"3":{"start":{"line":19,"column":17},"end":{"line":19,"column":null}},"4":{"start":{"line":20,"column":21},"end":{"line":20,"column":null}},"5":{"start":{"line":21,"column":4},"end":{"line":21,"column":null}},"6":{"start":{"line":28,"column":25},"end":{"line":28,"column":null}},"7":{"start":{"line":29,"column":4},"end":{"line":32,"column":null}}},"fnMap":{"0":{"name":"(anonymous_0)","decl":{"start":{"line":14,"column":2},"end":{"line":14,"column":26}},"loc":{"start":{"line":14,"column":26},"end":{"line":16,"column":null}},"line":14},"1":{"name":"(anonymous_1)","decl":{"start":{"line":18,"column":12},"end":{"line":18,"column":27}},"loc":{"start":{"line":18,"column":71},"end":{"line":22,"column":null}},"line":18},"2":{"name":"(anonymous_2)","decl":{"start":{"line":24,"column":12},"end":{"line":24,"column":null}},"loc":{"start":{"line":27,"column":29},"end":{"line":33,"column":null}},"line":27}},"branchMap":{"0":{"loc":{"start":{"line":19,"column":17},"end":{"line":19,"column":null}},"type":"binary-expr","locations":[{"start":{"line":19,"column":17},"end":{"line":19,"column":28}},{"start":{"line":19,"column":28},"end":{"line":19,"column":null}}],"line":19},"1":{"loc":{"start":{"line":20,"column":21},"end":{"line":20,"column":null}},"type":"binary-expr","locations":[{"start":{"line":20,"column":21},"end":{"line":20,"column":36}},{"start":{"line":20,"column":36},"end":{"line":20,"column":null}}],"line":20},"2":{"loc":{"start":{"line":28,"column":25},"end":{"line":28,"column":null}},"type":"binary-expr","locations":[{"start":{"line":28,"column":25},"end":{"line":28,"column":36}},{"start":{"line":28,"column":36},"end":{"line":28,"column":null}}],"line":28}},"s":{"0":0,"1":0,"2":0,"3":0,"4":0,"5":0,"6":0,"7":0},"f":{"0":0,"1":0,"2":0},"b":{"0":[0,0],"1":[0,0],"2":[0,0]},"meta":{"lastBranch":3,"lastFunction":3,"lastStatement":8,"seen":{"s:11:21:11:Infinity":0,"s:12:16:12:Infinity":1,"f:14:2:14:26":0,"s:15:4:15:Infinity":2,"f:18:12:18:27":1,"s:19:17:19:Infinity":3,"b:19:17:19:28:19:28:19:Infinity":0,"s:20:21:20:Infinity":4,"b:20:21:20:36:20:36:20:Infinity":1,"s:21:4:21:Infinity":5,"f:24:12:24:Infinity":2,"s:28:25:28:Infinity":6,"b:28:25:28:36:28:36:28:Infinity":2,"s:29:4:32:Infinity":7}}}
,"/Users/tranhoangtu/Desktop/WORK/openS-Plan-R/src/clients/windsurf.ts": {"path":"/Users/tranhoangtu/Desktop/WORK/openS-Plan-R/src/clients/windsurf.ts","statementMap":{"0":{"start":{"line":6,"column":21},"end":{"line":6,"column":null}},"1":{"start":{"line":7,"column":16},"end":{"line":7,"column":null}},"2":{"start":{"line":10,"column":4},"end":{"line":10,"column":null}}},"fnMap":{"0":{"name":"(anonymous_0)","decl":{"start":{"line":9,"column":2},"end":{"line":9,"column":26}},"loc":{"start":{"line":9,"column":26},"end":{"line":11,"column":null}},"line":9}},"branchMap":{},"s":{"0":0,"1":0,"2":0},"f":{"0":0},"b":{},"meta":{"lastBranch":0,"lastFunction":1,"lastStatement":3,"seen":{"s:6:21:6:Infinity":0,"s:7:16:7:Infinity":1,"f:9:2:9:26":0,"s:10:4:10:Infinity":2}}}
,"/Users/tranhoangtu/Desktop/WORK/openS-Plan-R/src/clients/zed.ts": {"path":"/Users/tranhoangtu/Desktop/WORK/openS-Plan-R/src/clients/zed.ts","statementMap":{"0":{"start":{"line":10,"column":21},"end":{"line":10,"column":null}},"1":{"start":{"line":11,"column":16},"end":{"line":11,"column":null}},"2":{"start":{"line":14,"column":4},"end":{"line":14,"column":null}},"3":{"start":{"line":18,"column":28},"end":{"line":18,"column":null}},"4":{"start":{"line":19,"column":4},"end":{"line":19,"column":null}},"5":{"start":{"line":26,"column":4},"end":{"line":26,"column":null}}},"fnMap":{"0":{"name":"(anonymous_0)","decl":{"start":{"line":13,"column":2},"end":{"line":13,"column":26}},"loc":{"start":{"line":13,"column":26},"end":{"line":15,"column":null}},"line":13},"1":{"name":"(anonymous_1)","decl":{"start":{"line":17,"column":12},"end":{"line":17,"column":27}},"loc":{"start":{"line":17,"column":71},"end":{"line":20,"column":null}},"line":17},"2":{"name":"(anonymous_2)","decl":{"start":{"line":22,"column":12},"end":{"line":22,"column":null}},"loc":{"start":{"line":25,"column":29},"end":{"line":27,"column":null}},"line":25}},"branchMap":{"0":{"loc":{"start":{"line":18,"column":28},"end":{"line":18,"column":null}},"type":"binary-expr","locations":[{"start":{"line":18,"column":28},"end":{"line":18,"column":51}},{"start":{"line":18,"column":51},"end":{"line":18,"column":null}}],"line":18}},"s":{"0":11,"1":11,"2":15,"3":6,"4":6,"5":3},"f":{"0":15,"1":6,"2":3},"b":{"0":[6,2]},"meta":{"lastBranch":1,"lastFunction":3,"lastStatement":6,"seen":{"s:10:21:10:Infinity":0,"s:11:16:11:Infinity":1,"f:13:2:13:26":0,"s:14:4:14:Infinity":2,"f:17:12:17:27":1,"s:18:28:18:Infinity":3,"b:18:28:18:51:18:51:18:Infinity":0,"s:19:4:19:Infinity":4,"f:22:12:22:Infinity":2,"s:26:4:26:Infinity":5}}}
,"/Users/tranhoangtu/Desktop/WORK/openS-Plan-R/src/commands/logs.ts": {"path":"/Users/tranhoangtu/Desktop/WORK/openS-Plan-R/src/commands/logs.ts","statementMap":{"0":{"start":{"line":33,"column":23},"end":{"line":33,"column":null}},"1":{"start":{"line":34,"column":10},"end":{"line":34,"column":null}},"2":{"start":{"line":35,"column":18},"end":{"line":35,"column":null}},"3":{"start":{"line":37,"column":4},"end":{"line":40,"column":null}},"4":{"start":{"line":38,"column":6},"end":{"line":38,"column":null}},"5":{"start":{"line":39,"column":6},"end":{"line":39,"column":null}},"6":{"start":{"line":43,"column":10},"end":{"line":43,"column":null}},"7":{"start":{"line":44,"column":21},"end":{"line":44,"column":null}},"8":{"start":{"line":45,"column":45},"end":{"line":49,"column":null}},"9":{"start":{"line":51,"column":4},"end":{"line":51,"column":null}},"10":{"start":{"line":53,"column":10},"end":{"line":56,"column":null}},"11":{"start":{"line":58,"column":4},"end":{"line":60,"column":null}},"12":{"start":{"line":59,"column":6},"end":{"line":59,"column":null}},"13":{"start":{"line":62,"column":4},"end":{"line":64,"column":null}},"14":{"start":{"line":63,"column":6},"end":{"line":63,"column":null}},"15":{"start":{"line":66,"column":4},"end":{"line":69,"column":null}},"16":{"start":{"line":67,"column":6},"end":{"line":67,"column":null}},"17":{"start":{"line":68,"column":6},"end":{"line":68,"column":null}},"18":{"start":{"line":71,"column":4},"end":{"line":74,"column":null}},"19":{"start":{"line":72,"column":6},"end":{"line":72,"column":null}},"20":{"start":{"line":73,"column":6},"end":{"line":73,"column":null}},"21":{"start":{"line":77,"column":20},"end":{"line":79,"column":null}},"22":{"start":{"line":78,"column":6},"end":{"line":78,"column":null}},"23":{"start":{"line":78,"column":25},"end":{"line":78,"column":null}},"24":{"start":{"line":80,"column":4},"end":{"line":80,"column":null}},"25":{"start":{"line":80,"column":31},"end":{"line":80,"column":48}},"26":{"start":{"line":81,"column":4},"end":{"line":81,"column":null}},"27":{"start":{"line":81,"column":32},"end":{"line":81,"column":50}},"28":{"start":{"line":84,"column":4},"end":{"line":84,"column":null}}},"fnMap":{"0":{"name":"(anonymous_0)","decl":{"start":{"line":32,"column":8},"end":{"line":32,"column":12}},"loc":{"start":{"line":32,"column":22},"end":{"line":85,"column":null}},"line":32},"1":{"name":"(anonymous_1)","decl":{"start":{"line":58,"column":29},"end":{"line":58,"column":30}},"loc":{"start":{"line":58,"column":48},"end":{"line":60,"column":5}},"line":58},"2":{"name":"(anonymous_2)","decl":{"start":{"line":62,"column":29},"end":{"line":62,"column":30}},"loc":{"start":{"line":62,"column":48},"end":{"line":64,"column":5}},"line":62},"3":{"name":"(anonymous_3)","decl":{"start":{"line":66,"column":22},"end":{"line":66,"column":23}},"loc":{"start":{"line":66,"column":31},"end":{"line":69,"column":5}},"line":66},"4":{"name":"(anonymous_4)","decl":{"start":{"line":71,"column":22},"end":{"line":71,"column":23}},"loc":{"start":{"line":71,"column":32},"end":{"line":74,"column":5}},"line":71},"5":{"name":"(anonymous_5)","decl":{"start":{"line":77,"column":20},"end":{"line":77,"column":21}},"loc":{"start":{"line":77,"column":45},"end":{"line":79,"column":null}},"line":77},"6":{"name":"(anonymous_6)","decl":{"start":{"line":80,"column":25},"end":{"line":80,"column":31}},"loc":{"start":{"line":80,"column":31},"end":{"line":80,"column":48}},"line":80},"7":{"name":"(anonymous_7)","decl":{"start":{"line":81,"column":26},"end":{"line":81,"column":32}},"loc":{"start":{"line":81,"column":32},"end":{"line":81,"column":50}},"line":81},"8":{"name":"(anonymous_8)","decl":{"start":{"line":84,"column":22},"end":{"line":84,"column":28}},"loc":{"start":{"line":84,"column":28},"end":{"line":84,"column":30}},"line":84}},"branchMap":{"0":{"loc":{"start":{"line":37,"column":4},"end":{"line":40,"column":null}},"type":"if","locations":[{"start":{"line":37,"column":4},"end":{"line":40,"column":null}},{"start":{},"end":{}}],"line":37},"1":{"loc":{"start":{"line":72,"column":57},"end":{"line":72,"column":66}},"type":"binary-expr","locations":[{"start":{"line":72,"column":57},"end":{"line":72,"column":65}},{"start":{"line":72,"column":65},"end":{"line":72,"column":66}}],"line":72},"2":{"loc":{"start":{"line":73,"column":19},"end":{"line":73,"column":28}},"type":"binary-expr","locations":[{"start":{"line":73,"column":19},"end":{"line":73,"column":27}},{"start":{"line":73,"column":27},"end":{"line":73,"column":28}}],"line":73},"3":{"loc":{"start":{"line":78,"column":6},"end":{"line":78,"column":null}},"type":"if","locations":[{"start":{"line":78,"column":6},"end":{"line":78,"column":null}},{"start":{},"end":{}}],"line":78}},"s":{"0":5,"1":5,"2":5,"3":5,"4":1,"5":1,"6":4,"7":4,"8":4,"9":4,"10":4,"11":4,"12":0,"13":5,"14":0,"15":5,"16":0,"17":0,"18":5,"19":4,"20":4,"21":5,"22":0,"23":0,"24":5,"25":0,"26":5,"27":0,"28":5},"f":{"0":5,"1":0,"2":0,"3":0,"4":4,"5":0,"6":0,"7":0,"8":0},"b":{"0":[1,4],"1":[4,0],"2":[4,0],"3":[0,0]},"meta":{"lastBranch":4,"lastFunction":9,"lastStatement":29,"seen":{"f:32:8:32:12":0,"s:33:23:33:Infinity":0,"s:34:10:34:Infinity":1,"s:35:18:35:Infinity":2,"b:37:4:40:Infinity:undefined:undefined:undefined:undefined":0,"s:37:4:40:Infinity":3,"s:38:6:38:Infinity":4,"s:39:6:39:Infinity":5,"s:43:10:43:Infinity":6,"s:44:21:44:Infinity":7,"s:45:45:49:Infinity":8,"s:51:4:51:Infinity":9,"s:53:10:56:Infinity":10,"s:58:4:60:Infinity":11,"f:58:29:58:30":1,"s:59:6:59:Infinity":12,"s:62:4:64:Infinity":13,"f:62:29:62:30":2,"s:63:6:63:Infinity":14,"s:66:4:69:Infinity":15,"f:66:22:66:23":3,"s:67:6:67:Infinity":16,"s:68:6:68:Infinity":17,"s:71:4:74:Infinity":18,"f:71:22:71:23":4,"s:72:6:72:Infinity":19,"b:72:57:72:65:72:65:72:66":1,"s:73:6:73:Infinity":20,"b:73:19:73:27:73:27:73:28":2,"s:77:20:79:Infinity":21,"f:77:20:77:21":5,"b:78:6:78:Infinity:undefined:undefined:undefined:undefined":3,"s:78:6:78:Infinity":22,"s:78:25:78:Infinity":23,"s:80:4:80:Infinity":24,"f:80:25:80:31":6,"s:80:31:80:48":25,"s:81:4:81:Infinity":26,"f:81:26:81:32":7,"s:81:32:81:50":27,"s:84:4:84:Infinity":28,"f:84:22:84:28":8}}}
,"/Users/tranhoangtu/Desktop/WORK/openS-Plan-R/src/commands/profiles.ts": {"path":"/Users/tranhoangtu/Desktop/WORK/openS-Plan-R/src/commands/profiles.ts","statementMap":{"0":{"start":{"line":41,"column":20},"end":{"line":41,"column":null}},"1":{"start":{"line":42,"column":17},"end":{"line":42,"column":null}},"2":{"start":{"line":44,"column":4},"end":{"line":125,"column":null}},"3":{"start":{"line":46,"column":8},"end":{"line":51,"column":null}},"4":{"start":{"line":47,"column":10},"end":{"line":49,"column":null}},"5":{"start":{"line":50,"column":10},"end":{"line":50,"column":null}},"6":{"start":{"line":52,"column":8},"end":{"line":59,"column":null}},"7":{"start":{"line":53,"column":16},"end":{"line":53,"column":null}},"8":{"start":{"line":54,"column":24},"end":{"line":54,"column":null}},"9":{"start":{"line":55,"column":10},"end":{"line":55,"column":null}},"10":{"start":{"line":57,"column":10},"end":{"line":57,"column":null}},"11":{"start":{"line":58,"column":10},"end":{"line":58,"column":null}},"12":{"start":{"line":60,"column":8},"end":{"line":60,"column":null}},"13":{"start":{"line":64,"column":8},"end":{"line":69,"column":null}},"14":{"start":{"line":65,"column":10},"end":{"line":67,"column":null}},"15":{"start":{"line":68,"column":10},"end":{"line":68,"column":null}},"16":{"start":{"line":70,"column":14},"end":{"line":70,"column":null}},"17":{"start":{"line":71,"column":8},"end":{"line":74,"column":null}},"18":{"start":{"line":72,"column":10},"end":{"line":72,"column":null}},"19":{"start":{"line":73,"column":10},"end":{"line":73,"column":null}},"20":{"start":{"line":75,"column":39},"end":{"line":75,"column":null}},"21":{"start":{"line":76,"column":8},"end":{"line":76,"column":null}},"22":{"start":{"line":77,"column":22},"end":{"line":77,"column":null}},"23":{"start":{"line":78,"column":8},"end":{"line":78,"column":null}},"24":{"start":{"line":79,"column":8},"end":{"line":79,"column":null}},"25":{"start":{"line":80,"column":8},"end":{"line":80,"column":null}},"26":{"start":{"line":84,"column":14},"end":{"line":84,"column":null}},"27":{"start":{"line":85,"column":8},"end":{"line":90,"column":null}},"28":{"start":{"line":86,"column":10},"end":{"line":88,"column":null}},"29":{"start":{"line":89,"column":10},"end":{"line":89,"column":null}},"30":{"start":{"line":91,"column":8},"end":{"line":91,"column":null}},"31":{"start":{"line":92,"column":8},"end":{"line":98,"column":null}},"32":{"start":{"line":93,"column":24},"end":{"line":93,"column":null}},"33":{"start":{"line":94,"column":23},"end":{"line":94,"column":null}},"34":{"start":{"line":95,"column":10},"end":{"line":97,"column":null}},"35":{"start":{"line":99,"column":8},"end":{"line":99,"column":null}},"36":{"start":{"line":100,"column":8},"end":{"line":100,"column":null}},"37":{"start":{"line":104,"column":8},"end":{"line":109,"column":null}},"38":{"start":{"line":105
[...]
:35:22:37":0,"s:23:14:23:Infinity":3,"b:23:25:23:44:23:44:23:Infinity":1,"b:25:2:25:Infinity:undefined:undefined:undefined:undefined":2,"s:25:2:25:Infinity":4,"s:25:13:25:Infinity":5,"s:27:2:60:Infinity":6,"b:30:4:43:Infinity:35:4:43:Infinity":3,"s:30:4:43:Infinity":7,"s:31:6:34:Infinity":8,"b:35:4:43:Infinity:37:11:43:Infinity":4,"s:35:4:43:Infinity":9,"s:36:6:36:Infinity":10,"s:38:6:42:Infinity":11,"s:39:8:39:Infinity":12,"s:41:8:41:Infinity":13,"s:45:20:55:Infinity":14,"b:49:25:49:59:49:59:49:Infinity":5,"s:57:4:57:Infinity":15,"s:59:4:59:Infinity":16,"b:59:76:59:90:59:90:59:101":6,"f:65:22:65:35":2,"s:66:15:66:Infinity":17,"b:66:22:66:35:66:35:66:37":7,"b:67:2:67:Infinity:undefined:undefined:undefined:undefined":8,"s:67:2:67:Infinity":18,"s:67:13:67:Infinity":19,"b:69:2:73:Infinity:undefined:undefined:undefined:undefined":9,"s:69:2:73:Infinity":20,"s:70:4:72:Infinity":21,"s:75:2:84:Infinity":22,"s:76:10:76:Infinity":23,"b:77:4:79:Infinity:undefined:undefined:undefined:undefined":10,"s:77:4:79:Infinity":24,"s:78:6:78:Infinity":25,"s:80:4:80:Infinity":26,"s:81:4:81:Infinity":27,"s:83:4:83:Infinity":28,"b:83:75:83:89:83:89:83:100":11,"f:89:22:89:35":3,"s:90:16:90:Infinity":29,"b:90:23:90:37:90:37:90:39":12,"s:91:16:91:Infinity":30,"b:91:75:91:88:91:88:91:90":13,"b:93:2:93:Infinity:undefined:undefined:undefined:undefined":14,"s:93:2:93:Infinity":31,"s:93:14:93:Infinity":32,"s:95:2:127:Infinity":33,"s:96:42:99:Infinity":34,"s:101:28:101:Infinity":35,"b:103:4:110:Infinity:undefined:undefined:undefined:undefined":15,"s:103:4:110:Infinity":36,"s:104:6:104:Infinity":37,"s:105:6:108:Infinity":38,"s:106:25:106:Infinity":39,"b:106:38:106:54:106:54:106:Infinity":16,"s:107:8:107:Infinity":40,"b:107:47:107:64:107:64:107:82":17,"s:109:6:109:Infinity":41,"b:112:4:118:Infinity:undefined:undefined:undefined:undefined":18,"s:112:4:118:Infinity":42,"s:113:6:113:Infinity":43,"s:114:6:117:Infinity":44,"s:115:19:115:Infinity":45,"b:115:33:115:77:115:77:115:Infinity":19,"s:116:8:116:Infinity":46,"b:116:54:116:71:116:71:116:89":20,"b:120:4:122:Infinity:undefined:undefined:undefined:undefined":21,"s:120:4:122:Infinity":47,"s:121:6:121:Infinity":48,"s:124:4:124:Infinity":49,"s:126:4:126:Infinity":50,"b:126:66:126:80:126:80:126:91":22}}}
,"/Users/tranhoangtu/Desktop/WORK/openS-Plan-R/src/mcp-server/types.ts": {"path":"/Users/tranhoangtu/Desktop/WORK/openS-Plan-R/src/mcp-server/types.ts","statementMap":{"0":{"start":{"line":8,"column":29},"end":{"line":16,"column":null}},"1":{"start":{"line":19,"column":28},"end":{"line":25,"column":null}},"2":{"start":{"line":28,"column":26},"end":{"line":34,"column":null}},"3":{"start":{"line":37,"column":28},"end":{"line":44,"column":null}},"4":{"start":{"line":47,"column":27},"end":{"line":53,"column":null}},"5":{"start":{"line":56,"column":28},"end":{"line":62,"column":null}},"6":{"start":{"line":65,"column":26},"end":{"line":71,"column":null}},"7":{"start":{"line":74,"column":28},"end":{"line":78,"column":null}}},"fnMap":{},"branchMap":{},"s":{"0":1,"1":1,"2":1,"3":1,"4":1,"5":1,"6":1,"7":1},"f":{},"b":{},"meta":{"lastBranch":0,"lastFunction":0,"lastStatement":8,"seen":{"s:8:29:16:Infinity":0,"s:19:28:25:Infinity":1,"s:28:26:34:Infinity":2,"s:37:28:44:Infinity":3,"s:47:27:53:Infinity":4,"s:56:28:62:Infinity":5,"s:65:26:71:Infinity":6,"s:74:28:78:Infinity":7}}}
,"/Users/tranhoangtu/Desktop/WORK/openS-Plan-R/src/utils/constants.ts": {"path":"/Users/tranhoangtu/Desktop/WORK/openS-Plan-R/src/utils/constants.ts","statementMap":{"0":{"start":{"line":1,"column":24},"end":{"line":1,"column":32}},"1":{"start":{"line":2,"column":27},"end":{"line":2,"column":34}},"2":{"start":{"line":3,"column":31},"end":{"line":3,"column":68}}},"fnMap":{},"branchMap":{},"s":{"0":3,"1":3,"2":3},"f":{},"b":{},"meta":{"lastBranch":0,"lastFunction":0,"lastStatement":3,"seen":{"s:1:24:1:32":0,"s:2:27:2:34":1,"s:3:31:3:68":2}}}
,"/Users/tranhoangtu/Desktop/WORK/openS-Plan-R/src/utils/logger.ts": {"path":"/Users/tranhoangtu/Desktop/WORK/openS-Plan-R/src/utils/logger.ts","statementMap":{"0":{"start":{"line":4,"column":16},"end":{"line":4,"column":null}},"1":{"start":{"line":5,"column":18},"end":{"line":5,"column":null}},"2":{"start":{"line":6,"column":15},"end":{"line":6,"column":null}},"3":{"start":{"line":9,"column":2},"end":{"line":9,"column":null}},"4":{"start":{"line":13,"column":2},"end":{"line":13,"column":null}},"5":{"start":{"line":13,"column":14},"end":{"line":13,"column":null}},"6":{"start":{"line":14,"column":2},"end":{"line":14,"column":null}},"7":{"start":{"line":18,"column":2},"end":{"line":18,"column":null}},"8":{"start":{"line":18,"column":14},"end":{"line":18,"column":null}},"9":{"start":{"line":19,"column":2},"end":{"line":19,"column":null}},"10":{"start":{"line":23,"column":2},"end":{"line":23,"column":null}},"11":{"start":{"line":23,"column":14},"end":{"line":23,"column":null}},"12":{"start":{"line":24,"column":2},"end":{"line":24,"column":null}},"13":{"start":{"line":28,"column":2},"end":{"line":28,"column":null}},"14":{"start":{"line":28,"column":14},"end":{"line":28,"column":null}},"15":{"start":{"line":29,"column":2},"end":{"line":29,"column":null}},"16":{"start":{"line":33,"column":2},"end":{"line":33,"column":null}},"17":{"start":{"line":33,"column":28},"end":{"line":33,"column":null}},"18":{"start":{"line":34,"column":2},"end":{"line":34,"column":null}},"19":{"start":{"line":38,"column":2},"end":{"line":38,"column":null}}},"fnMap":{"0":{"name":"colorize","decl":{"start":{"line":8,"column":9},"end":{"line":8,"column":18}},"loc":{"start":{"line":8,"column":67},"end":{"line":10,"column":null}},"line":8},"1":{"name":"info","decl":{"start":{"line":12,"column":16},"end":{"line":12,"column":21}},"loc":{"start":{"line":12,"column":44},"end":{"line":15,"column":null}},"line":12},"2":{"name":"success","decl":{"start":{"line":17,"column":16},"end":{"line":17,"column":24}},"loc":{"start":{"line":17,"column":47},"end":{"line":20,"column":null}},"line":17},"3":{"name":"warn","decl":{"start":{"line":22,"column":16},"end":{"line":22,"column":21}},"loc":{"start":{"line":22,"column":44},"end":{"line":25,"column":null}},"line":22},"4":{"name":"error","decl":{"start":{"line":27,"column":16},"end":{"line":27,"column":22}},"loc":{"start":{"line":27,"column":45},"end":{"line":30,"column":null}},"line":27},"5":{"name":"debug","decl":{"start":{"line":32,"column":16},"end":{"line":32,"column":22}},"loc":{"start":{"line":32,"column":45},"end":{"line":35,"column":null}},"line":32},"6":{"name":"json","decl":{"start":{"line":37,"column":16},"end":{"line":37,"column":21}},"loc":{"start":{"line":37,"column":42},"end":{"line":39,"column":null}},"line":37}},"branchMap":{"0":{"loc":{"start":{"line":4,"column":16},"end":{"line":4,"column":null}},"type":"binary-expr","locations":[{"start":{"line":4,"column":16},"end":{"line":4,"column":54}},{"start":{"line":4,"column":54},"end":{"line":4,"column":null}}],"line":4},"1":{"loc":{"start":{"line":9,"column":9},"end":{"line":9,"column":null}},"type":"cond-expr","locations":[{"start":{"line":9,"column":19},"end":{"line":9,"column":26}},{"start":{"line":9,"column":26},"end":{"line":9,"column":null}}],"line":9},"2":{"loc":{"start":{"line":13,"column":2},"end":{"line":13,"column":null}},"type":"if","locations":[{"start":{"line":13,"column":2},"end":{"line":13,"column":null}},{"start":{},"end":{}}],"line":13},"3":{"loc":{"start":{"line":18,"column":2},"end":{"line":18,"column":null}},"type":"if","locations":[{"start":{"line":18,"column":2},"end":{"line":18,"column":null}},{"start":{},"end":{}}],"line":18},"4":{"loc":{"start":{"line":23,"column":2},"end":{"line":23,"column":null}},"type":"if","locations":[{"start":{"line":23,"column":2},"end":{"line":23,"column":null}},{"start":{},"end":{}}],"line":23},"5":{"loc":{"start":{"line":28,"column":2},"end":{"line":28,"column":null}},"type":"if","locations":[{"start":{"line":28,"column":2},"end":{"line":28,"column":null}},{"start":{},"end":{}}],"line":28},"6":{"loc":{"start":{"line":33,"column":2},"end":{"line":33,"column":null}},"type":"if","locations":[{"start":{"line":33,"column":2},"end":{"line":33,"column":null}},{"start":{},"end":{}}],"line":33},"7":{"loc":{"start":{"line":33,"column":6},"end":{"line":33,"column":28}},"type":"binary-expr","locations":[{"start":{"line":33,"column":6},"end":{"line":33,"column":20}},{"start":{"line":33,"column":20},"end":{"line":33,"column":28}}],"line":33}},"s":{"0":1,"1":1,"2":1,"3":4,"4":1,"5":0,"6":1,"7":1,"8":0,"9":1,"10":1,"11":0,"12":1,"13":1,"14":0,"15":1,"16":0,"17":0,"18":0,"19":1},"f":{"0":4,"1":1,"2":1,"3":1,"4":1,"5":0,"6":1},"b":{"0":[1,1],"1":[0,4],"2":[0,1],"3":[0,1],"4":[0,1],"5":[0,1],"6":[0,0],"7":[0,0]},"meta":{"lastBranch":8,"lastFunction":7,"lastStatement":20,"seen":{"s:4:16:4:Infinity":0,"b:4:16:4:54:4:54:4:Infinity":0,"s:5:18:5:Infinity":1,"s:6:15:6:Infinity":2,"f:8:9:8:18":0,"s:9:2:9:Infinity":3,"b:9:19:9:26:9:26:9:Infinity":1,"f:12:16:12:21":1,"b:13:2:13:Infinity:undefined:undefined:undefined:undefined":2,"s:13:2:13:Infinity":4,"s:13:14:13:Infinity":5,"s:14:2:14:Infinity":6,"f:17:16:17:24":2,"b:18:2:18:Infinity:undefined:undefined:undefined:undefined":3,"s:18:2:18:Infinity":7,"s:18:14:18:Infinity":8,"s:19:2:19:Infinity":9,"f:22:16:22:21":3,"b:23:2:23:Infinity:undefined:undefined:undefined:undefined":4,"s:23:2:23:Infinity":10,"s:23:14:23:Infinity":11,"s:24:2:24:Infinity":12,"f:27:16:27:22":4,"b:28:2:28:Infinity:undefined:undefined:undefined:undefined":5,"s:28:2:28:Infinity":13,"s:28:14:28:Infinity":14,"s:29:2:29:Infinity":15,"f:32:16:32:22":5,"b:33:2:33:Infinity:undefined:undefined:undefined:undefined":6,"s:33:2:33:Infinity":16,"b:33:6:33:20:33:20:33:28":7,"s:33:28:33:Infinity":17,"s:34:2:34:Infinity":18,"f:37:16:37:21":6,"s:38:2:38:Infinity":19}}}
,"/Users/tranhoangtu/Desktop/WORK/openS-Plan-R/src/utils/paths.ts": {"path":"/Users/tranhoangtu/Desktop/WORK/openS-Plan-R/src/utils/paths.ts","statementMap":{"0":{"start":{"line":6,"column":2},"end":{"line":6,"column":null}},"1":{"start":{"line":11,"column":2},"end":{"line":11,"column":null}},"2":{"start":{"line":16,"column":2},"end":{"line":16,"column":null}},"3":{"start":{"line":21,"column":2},"end":{"line":21,"column":null}},"4":{"start":{"line":26,"column":2},"end":{"line":26,"column":null}},"5":{"start":{"line":31,"column":2},"end":{"line":31,"column":null}},"6":{"start":{"line":36,"column":2},"end":{"line":36,"column":null}},"7":{"start":{"line":41,"column":2},"end":{"line":41,"column":null}},"8":{"start":{"line":46,"column":2},"end":{"line":46,"column":null}},"9":{"start":{"line":51,"column":2},"end":{"line":51,"column":null}},"10":{"start":{"line":56,"column":2},"end":{"line":56,"column":null}},"11":{"start":{"line":61,"column":2},"end":{"line":61,"column":null}},"12":{"start":{"line":66,"column":2},"end":{"line":66,"column":null}},"13":{"start":{"line":71,"column":15},"end":{"line":71,"column":null}},"14":{"start":{"line":72,"column":2},"end":{"line":74,"column":null}},"15":{"start":{"line":73,"column":4},"end":{"line":73,"column":null}},"16":{"start":{"line":75,"column":2},"end":{"line":77,"column":null}},"17":{"start":{"line":76,"column":4},"end":{"line":76,"column":null}},"18":{"start":{"line":79,"column":2},"end":{"line":79,"column":null}},"19":{"start":{"line":84,"column":18},"end":{"line":84,"column":null}},"20":{"start":{"line":85,"column":15},"end":{"line":85,"column":null}},"21":{"start":{"line":87,"column":2},"end":{"line":150,"column":null}},"22":{"start":{"line":89,"column":6},"end":{"line":89,"column":null}},"23":{"start":{"line":92,"column":6},"end":{"line":92,"column":null}},"24":{"start":{"line":95,"column":6},"end":{"line":102,"column":null}},"25":{"start":{"line":106,"column":6},"end":{"line":108,"column":null}},"26":{"start":{"line":107,"column":8},"end":{"line":107,"column":null}},"27":{"start":{"line":109,"column":6},"end":{"line":111,"column":null}},"28":{"start":{"line":110,"column":8},"end":{"line":110,"column":null}},"29":{"start":{"line":112,"column":6},"end":{"line":112,"column":null}},"30":{"start":{"line":116,"column":6},"end":{"line":116,"column":null}},"31":{"start":{"line":121,"column":6},"end":{"line":129,"column":null}},"32":{"start":{"line":133,"column":6},"end":{"line":133,"column":null}},"33":{"start":{"line":137,"column":6},"end":{"line":137,"column":null}},"34":{"start":{"line":141,"column":6},"end":{"line":141,"column":null}},"35":{"start":{"line":146,"column":6},"end":{"line":148,"column":null}},"36":{"start":{"line":147,"column":8},"end":{"line":147,"column":null}},"37":{"start":{"line":149,"column":6},"end":{"line":149,"column":null}}},"fnMap":{"0":{"name":"getHomedir","decl":{"start":{"line":5,"column":16},"end":{"line":5,"column":37}},"loc":{"start":{"line":5,"column":37},"end":{"line":7,"column":null}},"line":5},"1":{"name":"getMcpmanDir","decl":{"start":{"line":10,"column":16},"end":{"line":10,"column":39}},"loc":{"start":{"line":10,"column":39},"end":{"line":12,"column":null}},"line":10},"2":{"name":"getConfigPath","decl":{"start":{"line":15,"column":16},"end":{"line":15,"column":40}},"loc":{"start":{"line":15,"column":40},"end":{"line":17,"column":null}},"line":15},"3":{"name":"getPluginDir","decl":{"start":{"line":20,"column":16},"end":{"line":20,"column":39}},"loc":{"start":{"line":20,"column":39},"end":{"line":22,"column":null}},"line":20},"4":{"name":"getProfilesDir","decl":{"start":{"line":25,"column":16},"end":{"line":25,"column":41}},"loc":{"start":{"line":25,"column":41},"end":{"line":27,"column":null}},"line":25},"5":{"name":"getEnvDir","decl":{"start":{"line":30,"column":16},"end":{"line":30,"column":36}},"loc":{"start":{"line":30,"column":36},"end":{"line":32,"column":null}},"line":30},"6":{"name":"getGroupsFile","decl":{"start":{"line":35,"column":16},"end":{"line":35,"column":40}},"loc":{"start":{"line":35,"column":40},"end":{"line":37,"column":null}},"line":35},"7":{"name":"getPinsFile","decl":{"start":{"line":40,"column":16},"end":{"line":40,"column":38}},"loc":{"start":{"line":40,"column":38},"end":{"line":42,"column":null}},"line":40},"8":{"name":"getRollbackDir","decl":{"start":{"line":45,"column":16},"end":{"line":45,"column":41}},"loc":{"start":{"line":45,"column":41},"end":{"line":47,"column":null}},"line":45},"9":{"name":"getHistoryFile","decl":{"start":{"line":50,"column":16},"end":{"line":50,"column":41}},"loc":{"start":{"line":50,"column":41},"end":{"line":52,"column":null}},"line":50},"10":{"name":"getAliasesFile","decl":{"start":{"line":55,"column":16},"end":{"line":55,"column":41}},"loc":{"start":{"line":55,"column":41},"end":{"line":57,"column":null}},"line":55},"11":{"name":"getTemplatesDir","decl":{"start":{"line":60,"column":16},"end":{"line":60,"column":42}},"loc":{"start":{"line":60,"column":42},"end":{"line":62,"column":null}},"line":60},"12":{"name":"getNotifyFile","decl":{"start":{"line":65,"column":16},"end":{"line":65,"column":40}},"loc":{"start":{"line":65,"column":40},"end":{"line":67,"column":null}},"line":65},"13":{"name":"getAppDataDir","decl":{"start":{"line":70,"column":16},"end":{"line":70,"column":40}},"loc":{"start":{"line":70,"column":40},"end":{"line":80,"column":null}},"line":70},"14":{"name":"resolveConfigPath","decl":{"start":{"line":83,"column":16},"end":{"line":83,"column":34}},"loc":{"start":{"line":83,"column":62},"end":{"line":151,"column":null}},"line":83}},"branchMap":{"0":{"loc":{"start":{"line":72,"column":2},"end":{"line":74,"column":null}},"type":"if","locations":[{"start":{"line":72,"column":2},"end":{"line":74,"column":null}},{"start":{},"end":{}}],"line":72},"1":{"loc":{"start":{"line":75,"column":2},"end":{"line":77,"column":null}},"type":"if","locations":[{"start":{"line":75,"column":2},"end":{"line":77,"column":null}},{"start":{},"end":{}}],"line":75},"2":{"loc":{"start":{"line":76,"column":11},"end":{"line":76,"column":null}},"type":"binary-expr","locations":[{"start":{"line":76,"column":11},"end":{"line":76,"column":34}},{"start":{"line":76,"column":34},"end":{"line":76,"column":null}}],"line":76},"3":{"loc":{"start":{"line":79,"column":9},"end":{"line":79,"column":null}},"type":"binary-expr","locations":[{"start":{"line":79,"column":9},"end":{"line":79,"column":40}},{"start":{"line":79,"column":40},"end":{"line":79,"column":null}}],"line":79},"4":{"loc":{"start":{"line":87,"column":2},"end":{"line":150,"column":null}},"type":"switch","locations":[{"start":{"line":88,"column":4},"end":{"line":89,"column":null}},{"start":{"line":91,"column":4},"end":{"line":92,"column":null}},{"start":{"line":94,"column":4},"end":{"line":102,"column":null}},{"start":{"line":104,"column":4},"end":{"line":112,"column":null}},{"start":{"line":114,"column":4},"end":{"line":116,"column":null}},{"start":{"line":118,"column":4},"end":{"line":129,"column":null}},{"start":{"line":131,"column":4},"end":{"line":133,"column":null}},{"start":{"line":135,"column":4},"end":{"line":137,"column":null}},{"start":{"line":139,"column":4},"end":{"line":141,"column":null}},{"start":{"line":143,"column":4},"end":{"line":149,"column":null}}],"line":87},"5":{"loc":{"start":{"line":106,"column":6},"end":{"line":108,"column":null}},"type":"if","locations":[{"start":{"line":106,"column":6},"end":{"line":108,"column":null}},{"start":{},"end":{}}],"line":106},"6":{"loc":{"start":{"line":109,"column":6},"end":{"line":111,"column":null}},"type":"if","locations":[{"start":{"line":109,"column":6},"end":{"line":111,"column":null}},{"start":{},"end":{}}],"line":109},"7":{"loc":{"start":{"line":146,"column":6},"end":{"line":148,"column":null}},"type":"if","locations":[{"start":{"line":146,"column":6},"end":{"line":148,"column":null}},{"start":{},"end":{}}],"line":146}},"s":{"0":199,"1":28,"2":11,"3":11,"4":0,"5":0,"6":0,"7":2,"8":4,"9":0,"10":0,"11":0,"12":0,"13":99,"14":99,"15":97,"16":2,"17":0,"18":2,"19":96,"20":96,"21":96,"22":1,"23":1,"24":1,"25":1,"26":1,"27":0,"28":0,"29":0,"30":12,"31":15,"32":15,"33":19,"34":16,"35":15,"36":15,"37":0},"f":{"0":199,"1":28,"2":11,"3":11,"4":0,"5":0,"6":0,"7":2,"8":4,"9":0,"10":0,"11":0,"12":0,"13":99,"14":96},"b":{"0":[97,2],"1":[0,2],"2":[0,0],"3":[2,1],"4":[1,1,1,1,12,15,15,19,16,15],"5":[1,0],"6":[0,0],"7":[15,0]},"meta":{"lastBranch":8,"lastFunction":15,"lastStatement":38,"seen":{"f:5:16:5:37":0,"s:6:2:6:Infinity":0,"f:10:16:10:39":1,"s:11:2:11:Infinity":1,"f:15:16:15:40":2,"s:16:2:16:Infinity":2,"f:20:16:20:39":3,"s:21:2:21:Infinity":3,"f:25:16:25:41":4,"s:26:2:26:Infinity":4,"f:30:16:30:36":5,"s:31:2:31:Infinity":5,"f:35:16:35:40":6,"s:36:2:36:Infinity":6,"f:40:16:40:38":7,"s:41:2:41:Infinity":7,"f:45:16:45:41":8,"s:46:2:46:Infinity":8,"f:50:16:50:41":9,"s:51:2:51:Infinity":9,"f:55:16:55:41":10,"s:56:2:56:Infinity":10,"f:60:16:60:42":11,"s:61:2:61:Infinity":11,"f:65:16:65:40":12,"s:66:2:66:Infinity":12,"f:70:16:70:40":13,"s:71:15:71:Infinity":13,"b:72:2:74:Infinity:undefined:undefined:undefined:undefined":0,"s:72:2:74:Infinity":14,"s:73:4:73:Infinity":15,"b:75:2:77:Infinity:undefined:undefined:undefined:undefined":1,"s:75:2:77:Infinity":16,"s:76:4:76:Infinity":17,"b:76:11:76:34:76:34:76:Infinity":2,"s:79:2:79:Infinity":18,"b:79:9:79:40:79:40:79:Infinity":3,"f:83:16:83:34":14,"s:84:18:84:Infinity":19,"s:85:15:85:Infinity":20,"b:88:4:89:Infinity:91:4:92:Infinity:94:4:102:Infinity:104:4:112:Infinity:114:4:116:Infinity:118:4:129:Infinity:131:4:133:Infinity:135:4:137:Infinity:139:4:141:Infinity:143:4:149:Infinity":4,"s:87:2:150:Infinity":21,"s:89:6:89:Infinity":22,"s:92:6:92:Infinity":23,"s:95:6:102:Infinity":24,"b:106:6:108:Infinity:undefined:undefined:undefined:undefined":5,"s:106:6:108:Infinity":25,"s:107:8:107:Infinity":26,"b:109:6:111:Infinity:undefined:undefined:undefined:undefined":6,"s:109:6:111:Infinity":27,"s:110:8:110:Infinity":28,"s:112:6:112:Infinity":29,"s:116:6:116:Infinity":30,"s:121:6:129:Infinity":31,"s:133:6:133:Infinity":32,"s:137:6:137:Infinity":33,"s:141:6:141:Infinity":34,"b:146:6:148:Infinity:undefined:undefined:undefined:undefined":7,"s:146:6:148:Infinity":35,"s:147:8:147:Infinity":36,"s:149:6:149:Infinity":37}}}
}
